<?xml version="1.0" encoding="utf-8"?>
<TestRun id="68b0f3a5-2dad-40f1-8554-cb90035ba49d" name="@raspberrypi5 2026-03-25 22:47:59" xmlns="http://microsoft.com/schemas/VisualStudio/TeamTest/2010">
  <Times creation="2026-03-25T22:47:59.1703853-04:00" queuing="2026-03-25T22:47:59.1703854-04:00" start="2026-03-25T22:47:57.6555934-04:00" finish="2026-03-25T22:48:13.2114242-04:00" />
  <TestSettings name="default" id="693b9d20-85b7-434f-a327-020e8d32cab5">
    <Deployment runDeploymentRoot="_raspberrypi5_2026-03-25_22_47_59" />
  </TestSettings>
  <Results>
    <UnitTestResult executionId="8a6e301d-fdea-42ec-8508-ded3fd2cee42" testId="99441d28-ff50-0e8e-75bb-8e9b5578e781" testName="VibeSwarm.Tests.VersionControlServiceWorkingTreeTests.SyncWithOriginAsync_PreservesLocalChangesBeforeReset" computerName="raspberrypi5" duration="00:00:00.0065694" startTime="2026-03-25T22:48:09.7767847-04:00" endTime="2026-03-25T22:48:09.7843256-04:00" testType="13cdc9d9-ddb5-4fa4-a97d-d965ccfc6d4b" outcome="Passed" testListId="8c84fa94-04c1-424b-9868-57a2d4851a1d" relativeResultsDirectory="8a6e301d-fdea-42ec-8508-ded3fd2cee42" />
    <UnitTestResult executionId="48a466d3-e09d-4f96-b7f7-272cf98d68fc" testId="f39fafd2-bd26-ac1c-7fc2-27649ee80025" testName="VibeSwarm.Tests.ProviderUsageServiceTests.RecordUsageAsync_CopilotConfiguredBudget_TracksCumulativePremiumRequestUsage" computerName="raspberrypi5" duration="00:00:00.2850106" startTime="2026-03-25T22:48:04.4449746-04:00" endTime="2026-03-25T22:48:04.7295683-04:00" testType="13cdc9d9-ddb5-4fa4-a97d-d965ccfc6d4b" outcome="Passed" testListId="8c84fa94-04c1-424b-9868-57a2d4851a1d" relativeResultsDirectory="48a466d3-e09d-4f96-b7f7-272cf98d68fc" />
    <UnitTestResult executionId="b5aac020-e438-44a3-9dde-a27c7af8fd0d" testId="aa75cd16-0950-daeb-d0c0-5df81639dd31" testName="VibeSwarm.Tests.ProjectJobsListTests.RenderedJobsList_ShowsMoreMenuWithBulkActions_WithoutNestedCardHeader" computerName="raspberrypi5" duration="00:00:00.0243299" startTime="2026-03-25T22:48:07.4126858-04:00" endTime="2026-03-25T22:48:07.4388577-04:00" testType="13cdc9d9-ddb5-4fa4-a97d-d965ccfc6d4b" outcome="Passed" testListId="8c84fa94-04c1-424b-9868-57a2d4851a1d" relativeResultsDirectory="b5aac020-e438-44a3-9dde-a27c7af8fd0d" />
    <UnitTestResult executionId="f8505fd1-808f-451d-ac90-ecd6eb8a0faf" testId="f76c5b63-cafd-4dff-8cb6-2760b2423c27" testName="VibeSwarm.Tests.CopilotClaudeFormatTests.ParseModelChoicesFromError_HandlesMultilineStderr" computerName="raspberrypi5" duration="00:00:00.0104475" startTime="2026-03-25T22:47:59.0667111-04:00" endTime="2026-03-25T22:47:59.0669356-04:00" testType="13cdc9d9-ddb5-4fa4-a97d-d965ccfc6d4b" outcome="Passed" testListId="8c84fa94-04c1-424b-9868-57a2d4851a1d" relativeResultsDirectory="f8505fd1-808f-451d-ac90-ecd6eb8a0faf" />
    <UnitTestResult executionId="4fbbd4e8-7bf9-4320-8f8f-e453434716e5" testId="c9e2b6ae-91f8-d281-43e6-cd76508ea51f" testName="VibeSwarm.Tests.IdeasPanelTests.RenderedIdeasPanel_ShowsSuggestButton_WhenConfiguredProvidersExistWithoutInference" computerName="raspberrypi5" duration="00:00:00.0249062" startTime="2026-03-25T22:48:10.2923536-04:00" endTime="2026-03-25T22:48:10.3162462-04:00" testType="13cdc9d9-ddb5-4fa4-a97d-d965ccfc6d4b" outcome="Passed" testListId="8c84fa94-04c1-424b-9868-57a2d4851a1d" relativeResultsDirectory="4fbbd4e8-7bf9-4320-8f8f-e453434716e5" />
    <UnitTestResult executionId="b6aea43d-7de0-4d4d-b703-db77401ebdef" testId="b7882247-8e67-f55f-b43d-af1b90b39e7f" testName="VibeSwarm.Tests.JobSessionPanelTests.RenderedJobSessionPanel_DeduplicatesDifferentPidProcessStartedMessages" computerName="raspberrypi5" duration="00:00:00.0063689" startTime="2026-03-25T22:47:58.9358656-04:00" endTime="2026-03-25T22:47:58.9377231-04:00" testType="13cdc9d9-ddb5-4fa4-a97d-d965ccfc6d4b" outcome="Passed" testListId="8c84fa94-04c1-424b-9868-57a2d4851a1d" relativeResultsDirectory="b6aea43d-7de0-4d4d-b703-db77401ebdef" />
    <UnitTestResult executionId="4b7e4e13-3469-40b7-aa77-712d5bae7796" testId="50ac631b-9aad-d1c1-5081-cf597c6a2aa5" testName="VibeSwarm.Tests.JobSessionPanelTests.RenderedJobSessionPanel_KeepsSystemMessagesSeparateAndStyled" computerName="raspberrypi5" duration="00:00:00.1353947" startTime="2026-03-25T22:47:58.7815722-04:00" endTime="2026-03-25T22:47:58.9203702-04:00" testType="13cdc9d9-ddb5-4fa4-a97d-d965ccfc6d4b" outcome="Passed" testListId="8c84fa94-04c1-424b-9868-57a2d4851a1d" relativeResultsDirectory="4b7e4e13-3469-40b7-aa77-712d5bae7796" />
    <UnitTestResult executionId="31447d6a-81a7-4033-8759-2049804c54bf" testId="5c29bcc1-bfe0-e750-18ee-b07627ac5e39" testName="VibeSwarm.Tests.QueueAndIdeaServiceTests.GetPagedAsync_FiltersJobsServerSideAndReturnsProjectSummaries" computerName="raspberrypi5" duration="00:00:00.5436969" startTime="2026-03-25T22:48:09.4297850-04:00" endTime="2026-03-25T22:48:09.9729600-04:00" testType="13cdc9d9-ddb5-4fa4-a97d-d965ccfc6d4b" outcome="Passed" testListId="8c84fa94-04c1-424b-9868-57a2d4851a1d" relativeResultsDirectory="31447d6a-81a7-4033-8759-2049804c54bf" />
    <UnitTestResult executionId="b6cdad0c-62ef-4b40-8b63-e68fc71a9e26" testId="89d2ba50-d2ea-ed88-5500-d8f6e5d192ab" testName="VibeSwarm.Tests.CookieAuthenticationStateProviderTests.AuthenticationKeepAlive_RenewsAuthenticatedSession_OnInterval" computerName="raspberrypi5" duration="00:00:00.5286253" startTime="2026-03-25T22:48:10.3661166-04:00" endTime="2026-03-25T22:48:10.8891521-04:00" testType="13cdc9d9-ddb5-4fa4-a97d-d965ccfc6d4b" outcome="Passed" testListId="8c84fa94-04c1-424b-9868-57a2d4851a1d" relativeResultsDirectory="b6cdad0c-62ef-4b40-8b63-e68fc71a9e26" />
    <UnitTestResult executionId="41d87156-12e3-45a5-b77c-e4dfe0c7ada4" testId="7bf3d9d5-3f3c-5309-e064-313481e6fcfd" testName="VibeSwarm.Tests.ProviderCliArgsTests.Copilot_SystemPromptFoldedIntoPrompt_NotAsFlag" computerName="raspberrypi5" duration="00:00:00.0004484" startTime="2026-03-25T22:48:03.4814250-04:00" endTime="2026-03-25T22:48:03.4816665-04:00" testType="13cdc9d9-ddb5-4fa4-a97d-d965ccfc6d4b" outcome="Passed" testListId="8c84fa94-04c1-424b-9868-57a2d4851a1d" relativeResultsDirectory="41d87156-12e3-45a5-b77c-e4dfe0c7ada4" />
    <UnitTestResult executionId="a2971076-b4c2-480a-baf1-a13d7a5090d3" testId="1d319726-207e-c5fc-56d1-6be23bcd2438" testName="VibeSwarm.Tests.VersionControlServiceBranchDeliveryTests.MergeBranchAsync_FallsBackToLocalTargetWhenRemoteBranchDoesNotExist" computerName="raspberrypi5" duration="00:00:00.0024206" startTime="2026-03-25T22:48:09.6130155-04:00" endTime="2026-03-25T22:48:09.6186706-04:00" testType="13cdc9d9-ddb5-4fa4-a97d-d965ccfc6d4b" outcome="Failed" testListId="8c84fa94-04c1-424b-9868-57a2d4851a1d" relativeResultsDirectory="a2971076-b4c2-480a-baf1-a13d7a5090d3">
      <Output>
        <ErrorInfo>
          <Message>Assert.True() Failure
Expected: True
Actual:   False</Message>
          <StackTrace>   at VibeSwarm.Tests.VersionControlServiceBranchDeliveryTests.MergeBranchAsync_FallsBackToLocalTargetWhenRemoteBranchDoesNotExist() in /home/kyle/GitHub/VibeSwarm/src/VibeSwarm.Tests/VersionControlServiceBranchDeliveryTests.cs:line 132
--- End of stack trace from previous location ---</StackTrace>
        </ErrorInfo>
      </Output>
    </UnitTestResult>
    <UnitTestResult executionId="b00a3517-194b-4e64-984e-b92065107ed3" testId="e6427173-ac7c-8930-5071-3069643ec17b" testName="VibeSwarm.Tests.ProjectModalTests.SubmitCloneModeWithoutOwnerRepository_ShowsValidationMessage" computerName="raspberrypi5" duration="00:00:00.2325789" startTime="2026-03-25T22:48:10.2766311-04:00" endTime="2026-03-25T22:48:10.5079338-04:00" testType="13cdc9d9-ddb5-4fa4-a97d-d965ccfc6d4b" outcome="Passed" testListId="8c84fa94-04c1-424b-9868-57a2d4851a1d" relativeResultsDirectory="b00a3517-194b-4e64-984e-b92065107ed3" />
    <UnitTestResult executionId="4e91f268-82a8-4f4d-bb1c-79352fc316f9" testId="5557f35c-99b6-cc13-4688-9649cd89821f" testName="VibeSwarm.Tests.CookieAuthenticationStateProviderTests.RedirectToLogin_NavigatesToLogin_WhenRefreshIsUnauthorized" computerName="raspberrypi5" duration="00:00:00.0223466" startTime="2026-03-25T22:48:10.3185187-04:00" endTime="2026-03-25T22:48:10.3406952-04:00" testType="13cdc9d9-ddb5-4fa4-a97d-d965ccfc6d4b" outcome="Passed" testListId="8c84fa94-04c1-424b-9868-57a2d4851a1d" relativeResultsDirectory="4e91f268-82a8-4f4d-bb1c-79352fc316f9" />
    <UnitTestResult executionId="a494ad57-1dee-4312-a3d5-a2790fcf400f" testId="17a3f964-32ed-b02d-9de7-1a9572775aeb" testName="VibeSwarm.Tests.ProviderCliArgsTests.Claude_WithAppendSystemPrompt_AddsAppendFlag" computerName="raspberrypi5" duration="00:00:00.0004261" startTime="2026-03-25T22:48:03.4451052-04:00" endTime="2026-03-25T22:48:03.4453728-04:00" testType="13cdc9d9-ddb5-4fa4-a97d-d965ccfc6d4b" outcome="Passed" testListId="8c84fa94-04c1-424b-9868-57a2d4851a1d" relativeResultsDirectory="a494ad57-1dee-4312-a3d5-a2790fcf400f" />
    <UnitTestResult executionId="17dacaaf-3cd1-4edc-a419-01013e9e3755" testId="e80569a6-77a3-dc23-07b4-1993d188e133" testName="VibeSwarm.Tests.JobSessionPanelTests.JobSessionPanel_Bunit_CallsClearLiveOutputCallback" computerName="raspberrypi5" duration="00:00:00.0347705" startTime="2026-03-25T22:47:59.7082277-04:00" endTime="2026-03-25T22:47:59.7135522-04:00" testType="13cdc9d9-ddb5-4fa4-a97d-d965ccfc6d4b" outcome="Passed" testListId="8c84fa94-04c1-424b-9868-57a2d4851a1d" relativeResultsDirectory="17dacaaf-3cd1-4edc-a419-01013e9e3755" />
    <UnitTestResult executionId="072e02fb-8664-4f86-a5e0-b02b7fa73578" testId="5059bf59-ac78-67f2-7dcf-6d5eec60a38d" testName="VibeSwarm.Tests.JobSessionPanelTests.RenderedJobSessionPanel_NormalizesPersistedClaudeMessagesAsProviderEntries" computerName="raspberrypi5" duration="00:00:00.0030887" startTime="2026-03-25T22:47:59.6771240-04:00" endTime="2026-03-25T22:47:59.6788202-04:00" testType="13cdc9d9-ddb5-4fa4-a97d-d965ccfc6d4b" outcome="Passed" testListId="8c84fa94-04c1-424b-9868-57a2d4851a1d" relativeResultsDirectory="072e02fb-8664-4f86-a5e0-b02b7fa73578" />
    <UnitTestResult executionId="ec5ebcbb-6993-4558-a3dd-819f6ceb9451" testId="487691e1-9557-0915-2f76-c61cb76bb280" testName="VibeSwarm.Tests.DashboardMetricChartTests.DashboardMetricChart_RendersEmptyStateWhenAllPointsAreZero" computerName="raspberrypi5" duration="00:00:00.0109827" startTime="2026-03-25T22:48:03.0847154-04:00" endTime="2026-03-25T22:48:03.0948967-04:00" testType="13cdc9d9-ddb5-4fa4-a97d-d965ccfc6d4b" outcome="Passed" testListId="8c84fa94-04c1-424b-9868-57a2d4851a1d" relativeResultsDirectory="ec5ebcbb-6993-4558-a3dd-819f6ceb9451" />
    <UnitTestResult executionId="4c3c7019-383e-4ca2-aaad-527da55c83f7" testId="55dbf405-3f72-c435-d36f-4a7391f3859a" testName="VibeSwarm.Tests.ProviderCliArgsTests.Copilot_WithBashEnvPath_AndOldVersion_OmitsBashEnvFlag" computerName="raspberrypi5" duration="00:00:00.0002639" startTime="2026-03-25T22:48:03.4753918-04:00" endTime="2026-03-25T22:48:03.4756569-04:00" testType="13cdc9d9-ddb5-4fa4-a97d-d965ccfc6d4b" outcome="Passed" testListId="8c84fa94-04c1-424b-9868-57a2d4851a1d" relativeResultsDirectory="4c3c7019-383e-4ca2-aaad-527da55c83f7" />
    <UnitTestResult executionId="5fbd97ce-5aa1-49bf-a2e9-ecdc59cde271" testId="8366d3b9-ad93-8120-1b45-685d17eb914c" testName="VibeSwarm.Tests.CopilotClaudeFormatTests.GetDefaultModelMultiplier_ReturnsExpectedValues(modelId: &quot;gpt-5.1-codex-mini&quot;, expectedMultiplier: 0.33000000000000002)" computerName="raspberrypi5" duration="00:00:00.0000128" startTime="2026-03-25T22:47:59.0172448-04:00" endTime="2026-03-25T22:47:59.0174372-04:00" testType="13cdc9d9-ddb5-4fa4-a97d-d965ccfc6d4b" outcome="Passed" testListId="8c84fa94-04c1-424b-9868-57a2d4851a1d" relativeResultsDirectory="5fbd97ce-5aa1-49bf-a2e9-ecdc59cde271" />
    <UnitTestResult executionId="0fc5d215-de3a-49f8-9453-bf893fcced88" testId="d0b1ad8c-04b6-3f5b-b670-eb2212052206" testName="VibeSwarm.Tests.QueueAndIdeaServiceTests.CreateAsync_UsesProviderDefaultModel_WhenProjectHasNoPreferredModel" computerName="raspberrypi5" duration="00:00:00.1144286" startTime="2026-03-25T22:48:11.6981666-04:00" endTime="2026-03-25T22:48:11.8106407-04:00" testType="13cdc9d9-ddb5-4fa4-a97d-d965ccfc6d4b" outcome="Passed" testListId="8c84fa94-04c1-424b-9868-57a2d4851a1d" relativeResultsDirectory="0fc5d215-de3a-49f8-9453-bf893fcced88" />
    <UnitTestResult executionId="6051fb52-826d-4ef7-84ab-e5367a0d5273" testId="5c8a8925-cf88-a5d2-e42b-531d08fe12e9" testName="VibeSwarm.Tests.ProviderCliArgsTests.Claude_WithWorktree_AddsWorktreeFlag" computerName="raspberrypi5" duration="00:00:00.0004698" startTime="2026-03-25T22:48:03.5412142-04:00" endTime="2026-03-25T22:48:03.5414611-04:00" testType="13cdc9d9-ddb5-4fa4-a97d-d965ccfc6d4b" outcome="Passed" testListId="8c84fa94-04c1-424b-9868-57a2d4851a1d" relativeResultsDirectory="6051fb52-826d-4ef7-84ab-e5367a0d5273" />
    <UnitTestResult executionId="da732333-0e42-4cb9-a796-133986b58878" testId="491314bd-d227-fe74-ec1d-4bb9266fabad" testName="VibeSwarm.Tests.ProviderCliArgsTests.OpenCode_WithTimeout_AddsTimeoutFlag" computerName="raspberrypi5" duration="00:00:00.0004595" startTime="2026-03-25T22:48:03.5400857-04:00" endTime="2026-03-25T22:48:03.5404433-04:00" testType="13cdc9d9-ddb5-4fa4-a97d-d965ccfc6d4b" outcome="Passed" testListId="8c84fa94-04c1-424b-9868-57a2d4851a1d" relativeResultsDirectory="da732333-0e42-4cb9-a796-133986b58878" />
    <UnitTestResult executionId="5b58e2af-9b62-4f61-b961-da188a228d02" testId="afdc246b-04b4-5481-f970-3fe977b30548" testName="VibeSwarm.Tests.ProjectChangesSectionResolverTests.Resolve_ReturnsNone_WhenProjectHasNoPendingOrCommittedChanges" computerName="raspberrypi5" duration="00:00:00.0079747" startTime="2026-03-25T22:48:09.5227206-04:00" endTime="2026-03-25T22:48:09.5229602-04:00" testType="13cdc9d9-ddb5-4fa4-a97d-d965ccfc6d4b" outcome="Passed" testListId="8c84fa94-04c1-424b-9868-57a2d4851a1d" relativeResultsDirectory="5b58e2af-9b62-4f61-b961-da188a228d02" />
    <UnitTestResult executionId="deba47d9-9d17-4f27-81ac-7b92eb223dd2" testId="adc80331-b06d-49fb-c8e9-10e888267682" testName="VibeSwarm.Tests.QueueAndIdeaServiceTests.CreateAsync_TruncatesDerivedTitleToEntityLimit" computerName="raspberrypi5" duration="00:00:00.2279337" startTime="2026-03-25T22:48:08.5482548-04:00" endTime="2026-03-25T22:48:08.7755751-04:00" testType="13cdc9d9-ddb5-4fa4-a97d-d965ccfc6d4b" outcome="Passed" testListId="8c84fa94-04c1-424b-9868-57a2d4851a1d" relativeResultsDirectory="deba47d9-9d17-4f27-81ac-7b92eb223dd2" />
    <UnitTestResult executionId="911445aa-6b50-446e-9c2b-7b288be2f3b2" testId="cb09c7e4-5c84-0185-72a9-364953c39f89" testName="VibeSwarm.Tests.DashboardMetricChartTests.DashboardMetricChart_RendersFluidWidthChartLayout" computerName="raspberrypi5" duration="00:00:00.0334534" startTime="2026-03-25T22:48:03.0532271-04:00" endTime="2026-03-25T22:48:03.0836366-04:00" testType="13cdc9d9-ddb5-4fa4-a97d-d965ccfc6d4b" outcome="Passed" testListId="8c84fa94-04c1-424b-9868-57a2d4851a1d" relativeResultsDirectory="911445aa-6b50-446e-9c2b-7b288be2f3b2" />
    <UnitTestResult executionId="c0d482c4-e7f4-47b1-bef3-4c1281ae0fee" testId="2500973a-4ba5-9e42-3505-79ae06e9e457" testName="VibeSwarm.Tests.CopilotClaudeFormatTests.GetDefaultModelMultiplier_ReturnsExpectedValues(modelId: &quot;gpt-5-mini&quot;, expectedMultiplier: 0)" computerName="raspberrypi5" duration="00:00:00.0000213" startTime="2026-03-25T22:47:58.9392979-04:00" endTime="2026-03-25T22:47:58.9395244-04:00" testType="13cdc9d9-ddb5-4fa4-a97d-d965ccfc6d4b" outcome="Passed" testListId="8c84fa94-04c1-424b-9868-57a2d4851a1d" relativeResultsDirectory="c0d482c4-e7f4-47b1-bef3-4c1281ae0fee" />
    <UnitTestResult executionId="d189e8cc-fb49-446e-a9ca-ee9376011403" testId="d5c82049-046e-05fe-4e00-2e286fe19583" testName="VibeSwarm.Tests.JobCompletionMonitorServiceTests.CheckRunningJobsAsync_DoesNotCompleteJobWhenMarkerIsSubstringOfLongerLine" computerName="raspberrypi5" duration="00:00:00.3289924" startTime="2026-03-25T22:48:08.5229364-04:00" endTime="2026-03-25T22:48:08.8516113-04:00" testType="13cdc9d9-ddb5-4fa4-a97d-d965ccfc6d4b" outcome="Passed" testListId="8c84fa94-04c1-424b-9868-57a2d4851a1d" relativeResultsDirectory="d189e8cc-fb49-446e-a9ca-ee9376011403" />
    <UnitTestResult executionId="8036a77f-5fc1-46b1-92bf-07ca645488ee" testId="ed1ef9a6-fe3f-72d0-d9a6-0d19d7196304" testName="VibeSwarm.Tests.ProviderCliArgsTests.Claude_WithModel_AddsModelFlag" computerName="raspberrypi5" duration="00:00:00.0042073" startTime="2026-03-25T22:48:03.4461067-04:00" endTime="2026-03-25T22:48:03.4464005-04:00" testType="13cdc9d9-ddb5-4fa4-a97d-d965ccfc6d4b" outcome="Passed" testListId="8c84fa94-04c1-424b-9868-57a2d4851a1d" relativeResultsDirectory="8036a77f-5fc1-46b1-92bf-07ca645488ee" />
    <UnitTestResult executionId="bf98b26c-e8c8-491b-86c1-d46608ed23de" testId="ab0ca8b7-8f03-b874-2b20-8de7682e6c6b" testName="VibeSwarm.Tests.ProviderCliArgsTests.Claude_WithReasoningEffort_AddsEffortFlag" computerName="raspberrypi5" duration="00:00:00.0003671" startTime="2026-03-25T22:48:03.3782600-04:00" endTime="2026-03-25T22:48:03.3786347-04:00" testType="13cdc9d9-ddb5-4fa4-a97d-d965ccfc6d4b" outcome="Passed" testListId="8c84fa94-04c1-424b-9868-57a2d4851a1d" relativeResultsDirectory="bf98b26c-e8c8-491b-86c1-d46608ed23de" />
    <UnitTestResult executionId="dcec11b9-5682-4cf4-8fd7-a9b5a562a185" testId="9caa60e4-69ed-df17-e725-f8c937defc55" testName="VibeSwarm.Tests.QueueAndIdeaServiceTests.SuggestIdeasFromCodebaseAsync_ReturnsSuccessWhenAllSuggestionsAlreadyExist" computerName="raspberrypi5" duration="00:00:00.1106552" startTime="2026-03-25T22:48:13.0302467-04:00" endTime="2026-03-25T22:48:13.1354170-04:00" testType="13cdc9d9-ddb5-4fa4-a97d-d965ccfc6d4b" outcome="Passed" testListId="8c84fa94-04c1-424b-9868-57a2d4851a1d" relativeResultsDirectory="dcec11b9-5682-4cf4-8fd7-a9b5a562a185" />
    <UnitTestResult executionId="e9b1ddf3-a73c-412a-9233-b0241003d891" testId="0fa18a79-f61b-9f8b-3147-93db0e03acd6" testName="VibeSwarm.Tests.SignalRJobUpdateServiceTests.NotifyIdeaStarted_BroadcastsToGlobalEvents" computerName="raspberrypi5" duration="00:00:00.0050195" startTime="2026-03-25T22:48:10.7154914-04:00" endTime="2026-03-25T22:48:10.7201694-04:00" testType="13cdc9d9-ddb5-4fa4-a97d-d965ccfc6d4b" outcome="Passed" testListId="8c84fa94-04c1-424b-9868-57a2d4851a1d" relativeResultsDirectory="e9b1ddf3-a73c-412a-9233-b0241003d891" />
    <UnitTestResult executionId="00d38dc9-0b40-4239-81a8-034e98ce2dff" testId="cd9369d7-bef3-6141-6ba3-d22fe30755bb" testName="VibeSwarm.Tests.ProjectChangesSectionResolverTests.Resolve_PrefersLatestCommittedDiff_OverOlderPersistedJobDiff" computerName="raspberrypi5" duration="00:00:00.0045561" startTime="2026-03-25T22:48:09.5020881-04:00" endTime="2026-03-25T22:48:09.5053983-04:00" testType="13cdc9d9-ddb5-4fa4-a97d-d965ccfc6d4b" outcome="Passed" testListId="8c84fa94-04c1-424b-9868-57a2d4851a1d" relativeResultsDirectory="00d38dc9-0b40-4239-81a8-034e98ce2dff" />
    <UnitTestResult executionId="9b65d857-cdf2-43b6-b1fa-250ea528a5df" testId="f94c7ebf-5a7c-7a1f-b50d-7336ce144d15" testName="VibeSwarm.Tests.JobSessionPanelTests.RenderedJobSessionPanel_DeduplicatesMergedProcessStartedMessages" computerName="raspberrypi5" duration="00:00:00.0031466" startTime="2026-03-25T22:47:59.6765884-04:00" endTime="2026-03-25T22:47:59.6767409-04:00" testType="13cdc9d9-ddb5-4fa4-a97d-d965ccfc6d4b" outcome="Passed" testListId="8c84fa94-04c1-424b-9868-57a2d4851a1d" relativeResultsDirectory="9b65d857-cdf2-43b6-b1fa-250ea528a5df" />
    <UnitTestResult executionId="34efce35-c9c9-42b3-a837-88e2b2ba62d6" testId="51dbddfb-89ec-5619-1823-79434d3c7304" testName="VibeSwarm.Tests.DashboardMetricChartTests.DashboardMetricChart_UsesTighterNiceScaleForFractionalYAxisValues" computerName="raspberrypi5" duration="00:00:00.0634562" startTime="2026-03-25T22:48:02.9896214-04:00" endTime="2026-03-25T22:48:03.0522475-04:00" testType="13cdc9d9-ddb5-4fa4-a97d-d965ccfc6d4b" outcome="Passed" testListId="8c84fa94-04c1-424b-9868-57a2d4851a1d" relativeResultsDirectory="34efce35-c9c9-42b3-a837-88e2b2ba62d6" />
    <UnitTestResult executionId="1c926c59-b717-4c56-8fe5-831f66c00c2a" testId="4be0d038-2859-1efa-a273-b4b01e1f2b14" testName="VibeSwarm.Tests.ProjectExecutionDefaultsTests.ResolveModelId_ProjectPreferredModelMissing_FallsBackToProviderDefault" computerName="raspberrypi5" duration="00:00:00.0005925" startTime="2026-03-25T22:48:08.3869552-04:00" endTime="2026-03-25T22:48:08.3871336-04:00" testType="13cdc9d9-ddb5-4fa4-a97d-d965ccfc6d4b" outcome="Passed" testListId="8c84fa94-04c1-424b-9868-57a2d4851a1d" relativeResultsDirectory="1c926c59-b717-4c56-8fe5-831f66c00c2a" />
    <UnitTestResult executionId="f5142780-1a80-4589-a159-d1a0e66e2969" testId="5cfef07c-8622-3817-078f-17462fa77463" testName="VibeSwarm.Tests.VersionControlServiceBranchDeliveryTests.MergeBranchAsync_MergesIntoTargetWithoutPushWhenDisabled" computerName="raspberrypi5" duration="00:00:00.0100734" startTime="2026-03-25T22:48:09.6211043-04:00" endTime="2026-03-25T22:48:09.6230735-04:00" testType="13cdc9d9-ddb5-4fa4-a97d-d965ccfc6d4b" outcome="Failed" testListId="8c84fa94-04c1-424b-9868-57a2d4851a1d" relativeResultsDirectory="f5142780-1a80-4589-a159-d1a0e66e2969">
      <Output>
        <ErrorInfo>
          <Message>Assert.True() Failure
Expected: True
Actual:   False</Message>
          <StackTrace>   at VibeSwarm.Tests.VersionControlServiceBranchDeliveryTests.MergeBranchAsync_MergesIntoTargetWithoutPushWhenDisabled() in /home/kyle/GitHub/VibeSwarm/src/VibeSwarm.Tests/VersionControlServiceBranchDeliveryTests.cs:line 103
--- End of stack trace from previous location ---</StackTrace>
        </ErrorInfo>
      </Output>
    </UnitTestResult>
    <UnitTestResult executionId="8b2dc914-1b51-497e-9b1e-2fe9a0e45ee4" testId="3a9870be-9311-f208-98a3-8f980bebbd17" testName="VibeSwarm.Tests.ProviderUsageParsingTests.ClaudeUsageParser_ParseLimitSignals_ParsesRemainingSessionPercentage" computerName="raspberrypi5" duration="00:00:00.0162858" startTime="2026-03-25T22:47:59.1094553-04:00" endTime="2026-03-25T22:47:59.1114432-04:00" testType="13cdc9d9-ddb5-4fa4-a97d-d965ccfc6d4b" outcome="Passed" testListId="8c84fa94-04c1-424b-9868-57a2d4851a1d" relativeResultsDirectory="8b2dc914-1b51-497e-9b1e-2fe9a0e45ee4" />
    <UnitTestResult executionId="6e560f43-738c-4ae1-bde2-8cf7d7449723" testId="9f864fe6-1dcf-aa04-ebea-e0600b839b58" testName="VibeSwarm.Tests.ProjectModalStateTests.ProjectModalFormModel_TeamAssignmentWithoutProvider_FailsValidation" computerName="raspberrypi5" duration="00:00:00.0098431" startTime="2026-03-25T22:47:59.1540081-04:00" endTime="2026-03-25T22:47:59.1626319-04:00" testType="13cdc9d9-ddb5-4fa4-a97d-d965ccfc6d4b" outcome="Passed" testListId="8c84fa94-04c1-424b-9868-57a2d4851a1d" relativeResultsDirectory="6e560f43-738c-4ae1-bde2-8cf7d7449723" />
    <UnitTestResult executionId="f85ed9c2-7ae6-4f49-b2df-70eda2e97dab" testId="f206ada2-8441-c34b-baac-edff77599540" testName="VibeSwarm.Tests.ProjectEnvironmentFeatureTests.GenerateMcpConfigFileAsync_UsesOpenCodeShapeForOpenCodeProvider" computerName="raspberrypi5" duration="00:00:00.2857187" startTime="2026-03-25T22:48:07.4318624-04:00" endTime="2026-03-25T22:48:07.7293911-04:00" testType="13cdc9d9-ddb5-4fa4-a97d-d965ccfc6d4b" outcome="Passed" testListId="8c84fa94-04c1-424b-9868-57a2d4851a1d" relativeResultsDirectory="f85ed9c2-7ae6-4f49-b2df-70eda2e97dab" />
    <UnitTestResult executionId="c0489a59-6c42-44aa-9256-b0057f05ed8e" testId="9051b43d-f987-e288-c079-f898ae08e769" testName="VibeSwarm.Tests.QueueAndIdeaServiceTests.SuggestIdeasFromCodebaseAsync_UsesConfiguredProviderWhenInferenceIsNotSelected" computerName="raspberrypi5" duration="00:00:00.1179033" startTime="2026-03-25T22:48:12.9070005-04:00" endTime="2026-03-25T22:48:13.0245953-04:00" testType="13cdc9d9-ddb5-4fa4-a97d-d965ccfc6d4b" outcome="Passed" testListId="8c84fa94-04c1-424b-9868-57a2d4851a1d" relativeResultsDirectory="c0489a59-6c42-44aa-9256-b0057f05ed8e" />
    <UnitTestResult executionId="850185ba-5fdf-4ee2-85e6-c35e5d3aa88d" testId="7127d193-ca0d-ef8b-062b-bc5c577a1065" testName="VibeSwarm.Tests.ProviderPlanningHelperTests.SupportsPlanningMode_ReturnsExpectedValue(providerType: OpenCode, expected: False)" computerName="raspberrypi5" duration="00:00:00.0098346" startTime="2026-03-25T22:48:09.6548819-04:00" endTime="2026-03-25T22:48:09.6588921-04:00" testType="13cdc9d9-ddb5-4fa4-a97d-d965ccfc6d4b" outcome="Passed" testListId="8c84fa94-04c1-424b-9868-57a2d4851a1d" relativeResultsDirectory="850185ba-5fdf-4ee2-85e6-c35e5d3aa88d" />
    <UnitTestResult executionId="3ca0083c-2b7f-4cca-89de-ee87c2cb1449" testId="bf95c419-89ec-3215-eb2d-12cdb717dd1f" testName="VibeSwarm.Tests.ProjectModalStateTests.ProjectModalFormModel_CloneModeWithOwnerOnlyRepository_FailsValidation" computerName="raspberrypi5" duration="00:00:00.0006105" startTime="2026-03-25T22:47:59.1728463-04:00" endTime="2026-03-25T22:47:59.1730627-04:00" testType="13cdc9d9-ddb5-4fa4-a97d-d965ccfc6d4b" outcome="Passed" testListId="8c84fa94-04c1-424b-9868-57a2d4851a1d" relativeResultsDirectory="3ca0083c-2b7f-4cca-89de-ee87c2cb1449" />
    <UnitTestResult executionId="2c5e82b5-924c-4085-96c3-d882e4743480" testId="a5169455-5d43-7753-6143-15c0b69f3efe" testName="VibeSwarm.Tests.ProjectEnvironmentFeatureTests.UpdateAsync_AddFirstEnvironment_SeparateContexts_Succeeds" computerName="raspberrypi5" duration="00:00:00.2587759" startTime="2026-03-25T22:48:05.2819149-04:00" endTime="2026-03-25T22:48:05.5408711-04:00" testType="13cdc9d9-ddb5-4fa4-a97d-d965ccfc6d4b" outcome="Passed" testListId="8c84fa94-04c1-424b-9868-57a2d4851a1d" relativeResultsDirectory="2c5e82b5-924c-4085-96c3-d882e4743480" />
    <UnitTestResult executionId="864ba9d4-5437-4c38-95d0-10c483586aaa" testId="a756357b-b6a2-e84b-0498-2048f29eea74" testName="VibeSwarm.Tests.IdeaToastCoordinatorTests.ShouldShowIdeaCreatedAsync_ReturnsTrue_WhenIdeaDoesNotStart" computerName="raspberrypi5" duration="00:00:00.0310118" startTime="2026-03-25T22:48:06.9752478-04:00" endTime="2026-03-25T22:48:07.0125212-04:00" testType="13cdc9d9-ddb5-4fa4-a97d-d965ccfc6d4b" outcome="Passed" testListId="8c84fa94-04c1-424b-9868-57a2d4851a1d" relativeResultsDirectory="864ba9d4-5437-4c38-95d0-10c483586aaa" />
    <UnitTestResult executionId="17a62194-a55c-46d5-a327-396ba75672cc" testId="d4dade47-ef6c-49e8-f551-72260b73ebbf" testName="VibeSwarm.Tests.CookieAuthenticationStateProviderTests.GetAuthenticationStateAsync_ReturnsAnonymous_WhenEndpointReturnsUnauthorized" computerName="raspberrypi5" duration="00:00:00.0066556" startTime="2026-03-25T22:48:10.3412198-04:00" endTime="2026-03-25T22:48:10.3483836-04:00" testType="13cdc9d9-ddb5-4fa4-a97d-d965ccfc6d4b" outcome="Passed" testListId="8c84fa94-04c1-424b-9868-57a2d4851a1d" relativeResultsDirectory="17a62194-a55c-46d5-a327-396ba75672cc" />
    <UnitTestResult executionId="7430ef2d-3bc1-492d-81ae-d91cdf258efe" testId="683839a3-caaa-b621-c257-f8673520e325" testName="VibeSwarm.Tests.ProjectProvisioningServiceTests.CreateProjectAsync_CloneMode_RejectsInvalidRepositoryFormat" computerName="raspberrypi5" duration="00:00:00.2409167" startTime="2026-03-25T22:48:02.2045093-04:00" endTime="2026-03-25T22:48:02.4432236-04:00" testType="13cdc9d9-ddb5-4fa4-a97d-d965ccfc6d4b" outcome="Passed" testListId="8c84fa94-04c1-424b-9868-57a2d4851a1d" relativeResultsDirectory="7430ef2d-3bc1-492d-81ae-d91cdf258efe" />
    <UnitTestResult executionId="f9130af6-d939-4aab-bed5-ed32da4ff345" testId="bf67de36-fd9e-5129-fc6d-e5039711c8f0" testName="VibeSwarm.Tests.DashboardPageTests.Dashboard_ShowsRunningJobsSection_WhenProjectsHaveRunningJobs" computerName="raspberrypi5" duration="00:00:00.0530886" startTime="2026-03-25T22:48:09.8909181-04:00" endTime="2026-03-25T22:48:09.9436998-04:00" testType="13cdc9d9-ddb5-4fa4-a97d-d965ccfc6d4b" outcome="Passed" testListId="8c84fa94-04c1-424b-9868-57a2d4851a1d" relativeResultsDirectory="f9130af6-d939-4aab-bed5-ed32da4ff345" />
    <UnitTestResult executionId="4f8dcc8f-dcca-400f-9ec4-18ee8f9547c9" testId="0113bc17-3af8-100a-dfed-225938edd846" testName="VibeSwarm.Tests.ProjectEnvironmentFeatureTests.CreateAsync_MultipleEnvironments_NonPrimaryIsPrimary_False_Inserts" computerName="raspberrypi5" duration="00:00:00.3280554" startTime="2026-03-25T22:48:02.8905952-04:00" endTime="2026-03-25T22:48:03.2164856-04:00" testType="13cdc9d9-ddb5-4fa4-a97d-d965ccfc6d4b" outcome="Passed" testListId="8c84fa94-04c1-424b-9868-57a2d4851a1d" relativeResultsDirectory="4f8dcc8f-dcca-400f-9ec4-18ee8f9547c9" />
    <UnitTestResult executionId="ac74f8e7-3a25-42fa-8463-0f66d6769574" testId="924ecca6-1439-5750-13bd-0982e94e5517" testName="VibeSwarm.Tests.BuildVerificationPromptTests.BuildSystemPromptRules_FallsBackToGenericWhenNoBuildCommandConfigured" computerName="raspberrypi5" duration="00:00:00.0002840" startTime="2026-03-25T22:48:09.9579167-04:00" endTime="2026-03-25T22:48:09.9581262-04:00" testType="13cdc9d9-ddb5-4fa4-a97d-d965ccfc6d4b" outcome="Passed" testListId="8c84fa94-04c1-424b-9868-57a2d4851a1d" relativeResultsDirectory="ac74f8e7-3a25-42fa-8463-0f66d6769574" />
    <UnitTestResult executionId="9b8952ab-bab0-4219-b26f-61858b60bee2" testId="80e9cc9c-68ff-cad8-4b2d-dd1c6b1db97c" testName="VibeSwarm.Tests.ProjectEnvironmentsEditorTests.RenderedEditor_ShowsOptionalCredentialLabels_AndResponsiveActionLayout" computerName="raspberrypi5" duration="00:00:00.0518635" startTime="2026-03-25T22:48:09.9629838-04:00" endTime="2026-03-25T22:48:10.0122511-04:00" testType="13cdc9d9-ddb5-4fa4-a97d-d965ccfc6d4b" outcome="Passed" testListId="8c84fa94-04c1-424b-9868-57a2d4851a1d" relativeResultsDirectory="9b8952ab-bab0-4219-b26f-61858b60bee2" />
    <UnitTestResult executionId="6ead4dca-edcb-417b-bf8f-fade27b21808" testId="a86bc198-4fc8-d35b-6980-71d1c22d0e85" testName="VibeSwarm.Tests.IdeaToastCoordinatorTests.ShouldShowIdeaCreatedAsync_ReturnsFalse_WhenIdeaStartedJustBeforeCreateArrives" computerName="raspberrypi5" duration="00:00:00.0479640" startTime="2026-03-25T22:48:07.0618535-04:00" endTime="2026-03-25T22:48:07.1162003-04:00" testType="13cdc9d9-ddb5-4fa4-a97d-d965ccfc6d4b" outcome="Passed" testListId="8c84fa94-04c1-424b-9868-57a2d4851a1d" relativeResultsDirectory="6ead4dca-edcb-417b-bf8f-fade27b21808" />
    <UnitTestResult executionId="b65fc76d-d96f-486e-bb02-81972ffdb974" testId="14bd1a3a-68bb-ed62-0528-17a58ed7e2a6" testName="VibeSwarm.Tests.ProviderCliArgsTests.Copilot_WithJsonOutputSupportedVersion_AddsOutputFormatJson" computerName="raspberrypi5" duration="00:00:00.0005784" startTime="2026-03-25T22:48:03.4135728-04:00" endTime="2026-03-25T22:48:03.4138544-04:00" testType="13cdc9d9-ddb5-4fa4-a97d-d965ccfc6d4b" outcome="Passed" testListId="8c84fa94-04c1-424b-9868-57a2d4851a1d" relativeResultsDirectory="b65fc76d-d96f-486e-bb02-81972ffdb974" />
    <UnitTestResult executionId="bd4350e4-aa0f-44c7-8bce-e0f20a92c642" testId="4fcfcc15-c4da-5e19-ff43-3fc5d214b732" testName="VibeSwarm.Tests.ProviderCliArgsTests.Claude_FlagsThatTakeValues_AreFollowedByValue(flag: &quot;--resume&quot;)" computerName="raspberrypi5" duration="00:00:00.0001238" startTime="2026-03-25T22:48:03.4032225-04:00" endTime="2026-03-25T22:48:03.4034771-04:00" testType="13cdc9d9-ddb5-4fa4-a97d-d965ccfc6d4b" outcome="Passed" testListId="8c84fa94-04c1-424b-9868-57a2d4851a1d" relativeResultsDirectory="bd4350e4-aa0f-44c7-8bce-e0f20a92c642" />
    <UnitTestResult executionId="3c70c895-9419-45ad-aa0b-20fe5a1a4a59" testId="381359c1-d0d4-1a81-13c5-141bc4b925bd" testName="VibeSwarm.Tests.GitDiffParserTests.ParseDiff_MarksDeletedFiles_AndCountsRemovedLines" computerName="raspberrypi5" duration="00:00:00.0019435" startTime="2026-03-25T22:47:59.1167757-04:00" endTime="2026-03-25T22:47:59.1170058-04:00" testType="13cdc9d9-ddb5-4fa4-a97d-d965ccfc6d4b" outcome="Passed" testListId="8c84fa94-04c1-424b-9868-57a2d4851a1d" relativeResultsDirectory="3c70c895-9419-45ad-aa0b-20fe5a1a4a59" />
    <UnitTestResult executionId="f08fc275-9182-42b0-8644-87d7bdb0465d" testId="c026a113-0320-74bb-fffa-a7ff17fd029d" testName="VibeSwarm.Tests.JobSessionPanelTests.RenderedJobSessionPanel_DeduplicatesAdjacentProcessStartedMessages" computerName="raspberrypi5" duration="00:00:00.0029386" startTime="2026-03-25T22:47:58.9381767-04:00" endTime="2026-03-25T22:47:59.0508183-04:00" testType="13cdc9d9-ddb5-4fa4-a97d-d965ccfc6d4b" outcome="Passed" testListId="8c84fa94-04c1-424b-9868-57a2d4851a1d" relativeResultsDirectory="f08fc275-9182-42b0-8644-87d7bdb0465d" />
    <UnitTestResult executionId="0611fe21-a16c-474d-a4a6-8ec773c4f3ff" testId="3d3d37e3-82fc-2a8f-8c32-046244003c57" testName="VibeSwarm.Tests.VersionControlServiceBranchDeliveryTests.CommitAllChangesAsync_StripsLeadingNewlinesFromCommitMessage(rawMessage: &quot;\nAdd a feature&quot;)" computerName="raspberrypi5" duration="00:00:00.0004662" startTime="2026-03-25T22:48:09.6367772-04:00" endTime="2026-03-25T22:48:09.6370420-04:00" testType="13cdc9d9-ddb5-4fa4-a97d-d965ccfc6d4b" outcome="Passed" testListId="8c84fa94-04c1-424b-9868-57a2d4851a1d" relativeResultsDirectory="0611fe21-a16c-474d-a4a6-8ec773c4f3ff" />
    <UnitTestResult executionId="f0b1b304-2688-42ba-8d55-6e1e264748e8" testId="dd95a746-f194-e239-c618-8b28070aed8b" testName="VibeSwarm.Tests.JobCheckpointStateMachineTests.TryTransition_RejectsInvalidTransition" computerName="raspberrypi5" duration="00:00:00.0086685" startTime="2026-03-25T22:47:59.0945905-04:00" endTime="2026-03-25T22:47:59.0950231-04:00" testType="13cdc9d9-ddb5-4fa4-a97d-d965ccfc6d4b" outcome="Passed" testListId="8c84fa94-04c1-424b-9868-57a2d4851a1d" relativeResultsDirectory="f0b1b304-2688-42ba-8d55-6e1e264748e8" />
    <UnitTestResult executionId="4ae9d53f-1e01-4462-b615-f9be98c308a4" testId="6407febf-5881-fc46-4b2a-c478e18b81f6" testName="VibeSwarm.Tests.IdeasPanelTests.IdeaListItem_UsesComfortableMobileSpacingAndJustifiedActions" computerName="raspberrypi5" duration="00:00:00.0025304" startTime="2026-03-25T22:48:10.2916427-04:00" endTime="2026-03-25T22:48:10.2918128-04:00" testType="13cdc9d9-ddb5-4fa4-a97d-d965ccfc6d4b" outcome="Passed" testListId="8c84fa94-04c1-424b-9868-57a2d4851a1d" relativeResultsDirectory="4ae9d53f-1e01-4462-b615-f9be98c308a4" />
    <UnitTestResult executionId="9ae0da12-5343-4c7d-a937-60381acefebf" testId="b4e1948b-508c-2ad6-8a29-f110f182bc2b" testName="VibeSwarm.Tests.DashboardMetricsTests.GetRecentWithLatestJobAsync_SortsActiveProjectsByLatestRun_AndFallsBackToName" computerName="raspberrypi5" duration="00:00:00.4944459" startTime="2026-03-25T22:48:08.3588199-04:00" endTime="2026-03-25T22:48:08.8529661-04:00" testType="13cdc9d9-ddb5-4fa4-a97d-d965ccfc6d4b" outcome="Passed" testListId="8c84fa94-04c1-424b-9868-57a2d4851a1d" relativeResultsDirectory="9ae0da12-5343-4c7d-a937-60381acefebf" />
    <UnitTestResult executionId="7e01bd0a-d28c-43e8-80c8-5b525b79bf1f" testId="7cce1669-82a9-12fe-c2ea-257fe0350219" testName="VibeSwarm.Tests.ProvidersPageTests.RenderedProvidersPage_ShowsPerSectionEmptyStateForProviderTypesWithoutConnections" computerName="raspberrypi5" duration="00:00:00.2134131" startTime="2026-03-25T22:48:09.6946791-04:00" endTime="2026-03-25T22:48:09.8798679-04:00" testType="13cdc9d9-ddb5-4fa4-a97d-d965ccfc6d4b" outcome="Passed" testListId="8c84fa94-04c1-424b-9868-57a2d4851a1d" relativeResultsDirectory="7e01bd0a-d28c-43e8-80c8-5b525b79bf1f" />
    <UnitTestResult executionId="c48ad53e-7d38-4c00-b3af-42a1114e812a" testId="c859246b-af56-23fa-5639-e13920359308" testName="VibeSwarm.Tests.JobCompletionMonitorServiceTests.CheckRunningJobsAsync_CompletesProcessingJobWhenSessionOutputAlreadyFinished" computerName="raspberrypi5" duration="00:00:00.6984432" startTime="2026-03-25T22:48:08.8526307-04:00" endTime="2026-03-25T22:48:09.5524914-04:00" testType="13cdc9d9-ddb5-4fa4-a97d-d965ccfc6d4b" outcome="Passed" testListId="8c84fa94-04c1-424b-9868-57a2d4851a1d" relativeResultsDirectory="c48ad53e-7d38-4c00-b3af-42a1114e812a" />
    <UnitTestResult executionId="64a40de9-932b-458a-8da1-ba1ed881ec9e" testId="617b3113-06bc-20ef-8ea8-bf08397d20a7" testName="VibeSwarm.Tests.ProviderCliArgsTests.Copilot_WithAltScreen_AddsAltScreenFlag" computerName="raspberrypi5" duration="00:00:00.0003986" startTime="2026-03-25T22:48:03.4256542-04:00" endTime="2026-03-25T22:48:03.4259755-04:00" testType="13cdc9d9-ddb5-4fa4-a97d-d965ccfc6d4b" outcome="Passed" testListId="8c84fa94-04c1-424b-9868-57a2d4851a1d" relativeResultsDirectory="64a40de9-932b-458a-8da1-ba1ed881ec9e" />
    <UnitTestResult executionId="72fdb662-e749-4e34-b899-eaf8912a04fd" testId="d6c3a257-a4ba-8543-9dbe-602f5fd0cd4f" testName="VibeSwarm.Tests.CopilotClaudeFormatTests.ParseClaudeMessage_ReturnsNull_WhenMessageMissing" computerName="raspberrypi5" duration="00:00:00.0002288" startTime="2026-03-25T22:47:59.0853535-04:00" endTime="2026-03-25T22:47:59.0855301-04:00" testType="13cdc9d9-ddb5-4fa4-a97d-d965ccfc6d4b" outcome="Passed" testListId="8c84fa94-04c1-424b-9868-57a2d4851a1d" relativeResultsDirectory="72fdb662-e749-4e34-b899-eaf8912a04fd" />
    <UnitTestResult executionId="aafaa313-ffb1-4b49-9a02-9bb1e696e0ce" testId="a9dca0bd-0794-30fb-b1af-9d0598fb7a9a" testName="VibeSwarm.Tests.ProviderCliArgsTests.Claude_WithAllowedTools_AddsMultipleToolsFlags" computerName="raspberrypi5" duration="00:00:00.0164546" startTime="2026-03-25T22:48:03.4946509-04:00" endTime="2026-03-25T22:48:03.4950772-04:00" testType="13cdc9d9-ddb5-4fa4-a97d-d965ccfc6d4b" outcome="Passed" testListId="8c84fa94-04c1-424b-9868-57a2d4851a1d" relativeResultsDirectory="aafaa313-ffb1-4b49-9a02-9bb1e696e0ce" />
    <UnitTestResult executionId="e5740a9a-a93c-478d-821f-7f5805c9d4b4" testId="8f0fc33b-a288-13c4-ff6e-4dfc742ef308" testName="VibeSwarm.Tests.ProjectEnvironmentFeatureTests.UpdateAsync_AddFirstEnvironment_WithProviderSelections_SeparateContexts_Succeeds" computerName="raspberrypi5" duration="00:00:00.4179443" startTime="2026-03-25T22:48:07.7305605-04:00" endTime="2026-03-25T22:48:08.1478635-04:00" testType="13cdc9d9-ddb5-4fa4-a97d-d965ccfc6d4b" outcome="Passed" testListId="8c84fa94-04c1-424b-9868-57a2d4851a1d" relativeResultsDirectory="e5740a9a-a93c-478d-821f-7f5805c9d4b4" />
    <UnitTestResult executionId="b8ac7852-d7e5-4f38-ace3-0c51a6bd9fbc" testId="3f147ee8-bbd6-a4f8-88d0-7a4586d0cedb" testName="VibeSwarm.Tests.ProjectChangesTabStateTests.PreserveExpandedItems_RemapsExpandedFiles_ByFileName" computerName="raspberrypi5" duration="00:00:00.0047682" startTime="2026-03-25T22:48:07.4896328-04:00" endTime="2026-03-25T22:48:07.4948010-04:00" testType="13cdc9d9-ddb5-4fa4-a97d-d965ccfc6d4b" outcome="Passed" testListId="8c84fa94-04c1-424b-9868-57a2d4851a1d" relativeResultsDirectory="b8ac7852-d7e5-4f38-ace3-0c51a6bd9fbc" />
    <UnitTestResult executionId="6e7c7bec-9396-4637-a99e-781f34c70350" testId="17c03e99-3888-1495-3c24-787a24b1e5bc" testName="VibeSwarm.Tests.JobSessionPanelTests.JobSessionPanel_Bunit_SendsFollowUpAndClearsDraft" computerName="raspberrypi5" duration="00:00:00.0231549" startTime="2026-03-25T22:47:59.6464378-04:00" endTime="2026-03-25T22:47:59.6668749-04:00" testType="13cdc9d9-ddb5-4fa4-a97d-d965ccfc6d4b" outcome="Passed" testListId="8c84fa94-04c1-424b-9868-57a2d4851a1d" relativeResultsDirectory="6e7c7bec-9396-4637-a99e-781f34c70350" />
    <UnitTestResult executionId="544f7910-bed3-4c53-b7ee-c54f8403e9c2" testId="7d250660-3424-c4b0-1a3c-79de9c80a399" testName="VibeSwarm.Tests.ProviderCliArgsTests.Copilot_WithReasoningEffort_AndOldVersion_OmitsReasoningEffortFlag" computerName="raspberrypi5" duration="00:00:00.0004412" startTime="2026-03-25T22:48:03.5102028-04:00" endTime="2026-03-25T22:48:03.5105163-04:00" testType="13cdc9d9-ddb5-4fa4-a97d-d965ccfc6d4b" outcome="Passed" testListId="8c84fa94-04c1-424b-9868-57a2d4851a1d" relativeResultsDirectory="544f7910-bed3-4c53-b7ee-c54f8403e9c2" />
    <UnitTestResult executionId="70eb92c2-33da-4678-9589-8f6ca0343ee8" testId="88c5f3c2-d533-c779-a9bf-d562e519a736" testName="VibeSwarm.Tests.ProviderCliArgsTests.Copilot_WithDeniedTools_AddsDenyToolFlags" computerName="raspberrypi5" duration="00:00:00.0004787" startTime="2026-03-25T22:48:03.5247006-04:00" endTime="2026-03-25T22:48:03.5282210-04:00" testType="13cdc9d9-ddb5-4fa4-a97d-d965ccfc6d4b" outcome="Passed" testListId="8c84fa94-04c1-424b-9868-57a2d4851a1d" relativeResultsDirectory="70eb92c2-33da-4678-9589-8f6ca0343ee8" />
    <UnitTestResult executionId="2c56a241-a254-43a2-9d97-b0cf5e3cad02" testId="ebf8cce2-6f51-5c4f-7313-e47a5e25f851" testName="VibeSwarm.Tests.CopilotClaudeFormatTests.GetDefaultModelMultiplier_ReturnsExpectedValues(modelId: &quot;gpt-5.1-codex-max&quot;, expectedMultiplier: 1)" computerName="raspberrypi5" duration="00:00:00.0000109" startTime="2026-03-25T22:47:59.0325906-04:00" endTime="2026-03-25T22:47:59.0328041-04:00" testType="13cdc9d9-ddb5-4fa4-a97d-d965ccfc6d4b" outcome="Passed" testListId="8c84fa94-04c1-424b-9868-57a2d4851a1d" relativeResultsDirectory="2c56a241-a254-43a2-9d97-b0cf5e3cad02" />
    <UnitTestResult executionId="1e4fb442-a270-47f8-9bc6-8c41183f50fe" testId="0b8a7d51-1dff-ebda-0966-13a5a32181d9" testName="VibeSwarm.Tests.ProjectCardTests.RenderedProjectCard_UsesIdeaTitleForLatestJobPreview" computerName="raspberrypi5" duration="00:00:00.0035796" startTime="2026-03-25T22:48:10.2316753-04:00" endTime="2026-03-25T22:48:10.2362227-04:00" testType="13cdc9d9-ddb5-4fa4-a97d-d965ccfc6d4b" outcome="Passed" testListId="8c84fa94-04c1-424b-9868-57a2d4851a1d" relativeResultsDirectory="1e4fb442-a270-47f8-9bc6-8c41183f50fe" />
    <UnitTestResult executionId="45a96930-2c3f-48a1-89f3-382f3fc10320" testId="589a39c0-fd3c-904b-8118-43e6110ba490" testName="VibeSwarm.Tests.HttpTeamRoleServiceTests.UpdateAsync_SendsScalarOnlyPayload" computerName="raspberrypi5" duration="00:00:00.1144360" startTime="2026-03-25T22:48:08.3877232-04:00" endTime="2026-03-25T22:48:08.4961681-04:00" testType="13cdc9d9-ddb5-4fa4-a97d-d965ccfc6d4b" outcome="Passed" testListId="8c84fa94-04c1-424b-9868-57a2d4851a1d" relativeResultsDirectory="45a96930-2c3f-48a1-89f3-382f3fc10320" />
    <UnitTestResult executionId="6a7b7b2f-00ad-4fde-806a-2719d7c0a87d" testId="50ce3f85-23b4-aca1-b08a-ca98c749f866" testName="VibeSwarm.Tests.ProviderCliArgsTests.Copilot_WithAllowedTools_AddsAvailableToolsFlags" computerName="raspberrypi5" duration="00:00:00.0015146" startTime="2026-03-25T22:48:03.4957761-04:00" endTime="2026-03-25T22:48:03.4961132-04:00" testType="13cdc9d9-ddb5-4fa4-a97d-d965ccfc6d4b" outcome="Passed" testListId="8c84fa94-04c1-424b-9868-57a2d4851a1d" relativeResultsDirectory="6a7b7b2f-00ad-4fde-806a-2719d7c0a87d" />
    <UnitTestResult executionId="95a1bc80-f5fe-4394-9ab0-688fc6cfe9b1" testId="da40126e-66ae-c954-0b54-bd38627b7646" testName="VibeSwarm.Tests.ProviderCliArgsTests.OpenCode_WithReasoningEffort_AddsReasoningFlag" computerName="raspberrypi5" duration="00:00:00.0003913" startTime="2026-03-25T22:48:03.4805448-04:00" endTime="2026-03-25T22:48:03.4807908-04:00" testType="13cdc9d9-ddb5-4fa4-a97d-d965ccfc6d4b" outcome="Passed" testListId="8c84fa94-04c1-424b-9868-57a2d4851a1d" relativeResultsDirectory="95a1bc80-f5fe-4394-9ab0-688fc6cfe9b1" />
    <UnitTestResult executionId="7250669b-b996-4d08-aa9c-b6bd36cdeff2" testId="19467e82-84a5-eed8-a656-0c586b19cb98" testName="VibeSwarm.Tests.ProviderUsageServiceTests.RecordUsageAsync_ClaudeMultiWindowSnapshot_PersistsDetailedLimitWindows" computerName="raspberrypi5" duration="00:00:00.2733870" startTime="2026-03-25T22:48:04.1716079-04:00" endTime="2026-03-25T22:48:04.4443348-04:00" testType="13cdc9d9-ddb5-4fa4-a97d-d965ccfc6d4b" outcome="Passed" testListId="8c84fa94-04c1-424b-9868-57a2d4851a1d" relativeResultsDirectory="7250669b-b996-4d08-aa9c-b6bd36cdeff2" />
    <UnitTestResult executionId="b1fe69b1-74d7-437d-9f1c-0bd8d091b510" testId="243f1561-b35c-7ff2-84b6-c67bde7d5cc2" testName="VibeSwarm.Tests.ProviderCliArgsTests.Copilot_WithReasoningEffort_AndSupportedVersion_AddsReasoningEffortFlag" computerName="raspberrypi5" duration="00:00:00.0085028" startTime="2026-03-25T22:48:03.4858873-04:00" endTime="2026-03-25T22:48:03.4862122-04:00" testType="13cdc9d9-ddb5-4fa4-a97d-d965ccfc6d4b" outcome="Passed" testListId="8c84fa94-04c1-424b-9868-57a2d4851a1d" relativeResultsDirectory="b1fe69b1-74d7-437d-9f1c-0bd8d091b510" />
    <UnitTestResult executionId="07fa01a8-5e49-4ce0-8d66-6fcfa7c68e26" testId="2d34ac5e-b783-a992-8824-861edd76a570" testName="VibeSwarm.Tests.CreateJobModalTests.SubmitPullRequestWithoutTargetBranch_ShowsValidationMessage" computerName="raspberrypi5" duration="00:00:00.4645889" startTime="2026-03-25T22:47:59.1738648-04:00" endTime="2026-03-25T22:47:59.6352374-04:00" testType="13cdc9d9-ddb5-4fa4-a97d-d965ccfc6d4b" outcome="Passed" testListId="8c84fa94-04c1-424b-9868-57a2d4851a1d" relativeResultsDirectory="07fa01a8-5e49-4ce0-8d66-6fcfa7c68e26" />
    <UnitTestResult executionId="8e4bf367-d15d-4c17-b42c-c56354025661" testId="47c33da3-d2a8-91a2-d1b0-e93e7f2fe36b" testName="VibeSwarm.Tests.QueueAndIdeaServiceTests.ProjectService_UpdateAsync_PersistsPlanningSettings" computerName="raspberrypi5" duration="00:00:00.1733324" startTime="2026-03-25T22:48:11.8124465-04:00" endTime="2026-03-25T22:48:11.9841362-04:00" testType="13cdc9d9-ddb5-4fa4-a97d-d965ccfc6d4b" outcome="Passed" testListId="8c84fa94-04c1-424b-9868-57a2d4851a1d" relativeResultsDirectory="8e4bf367-d15d-4c17-b42c-c56354025661" />
    <UnitTestResult executionId="0a83c5b5-d2bd-4e4d-b8a3-a89151e58dd5" testId="c7aeae3a-05e9-9d1d-c06b-aab316560d7f" testName="VibeSwarm.Tests.QueueAndIdeaServiceTests.ConvertToJobAsync_UsesProjectProviderPriorityAndPreferredModelDefaults" computerName="raspberrypi5" duration="00:00:00.1986586" startTime="2026-03-25T22:48:09.2331013-04:00" endTime="2026-03-25T22:48:09.4290898-04:00" testType="13cdc9d9-ddb5-4fa4-a97d-d965ccfc6d4b" outcome="Passed" testListId="8c84fa94-04c1-424b-9868-57a2d4851a1d" relativeResultsDirectory="0a83c5b5-d2bd-4e4d-b8a3-a89151e58dd5" />
    <UnitTestResult executionId="8a4c2803-441e-4467-b395-083c40028156" testId="f5d0eeda-de43-1b67-5781-275d758a5e3f" testName="VibeSwarm.Tests.TeamRoleServiceTests.UpdateAsync_ReplacesSkillAssignments" computerName="raspberrypi5" duration="00:00:00.4641913" startTime="2026-03-25T22:48:06.1034852-04:00" endTime="2026-03-25T22:48:06.5604545-04:00" testType="13cdc9d9-ddb5-4fa4-a97d-d965ccfc6d4b" outcome="Passed" testListId="8c84fa94-04c1-424b-9868-57a2d4851a1d" relativeResultsDirectory="8a4c2803-441e-4467-b395-083c40028156" />
    <UnitTestResult executionId="f333aee7-153f-4f6d-82ec-d001333e0942" testId="e95fbf7a-2e38-90ff-153c-0a06ec513adf" testName="VibeSwarm.Tests.JobScheduleServiceTests.CreateAsync_ComputesNextRunForDailySchedule" computerName="raspberrypi5" duration="00:00:00.2775134" startTime="2026-03-25T22:48:02.7087803-04:00" endTime="2026-03-25T22:48:02.9884344-04:00" testType="13cdc9d9-ddb5-4fa4-a97d-d965ccfc6d4b" outcome="Passed" testListId="8c84fa94-04c1-424b-9868-57a2d4851a1d" relativeResultsDirectory="f333aee7-153f-4f6d-82ec-d001333e0942" />
    <UnitTestResult executionId="84c0da47-b9c2-4f67-b961-170a33878b19" testId="41cf434c-b501-950c-a675-fc742ff70c60" testName="VibeSwarm.Tests.IdeaToastCoordinatorTests.ShouldShowIdeaUpdatedAsync_ReturnsTrue_WhenIdeaDoesNotStart" computerName="raspberrypi5" duration="00:00:00.0325378" startTime="2026-03-25T22:48:07.1168986-04:00" endTime="2026-03-25T22:48:07.1538236-04:00" testType="13cdc9d9-ddb5-4fa4-a97d-d965ccfc6d4b" outcome="Passed" testListId="8c84fa94-04c1-424b-9868-57a2d4851a1d" relativeResultsDirectory="84c0da47-b9c2-4f67-b961-170a33878b19" />
    <UnitTestResult executionId="c0e2d33f-9b91-4805-a033-b388f246c16b" testId="378a6ce0-bc3c-d2ab-7bcc-e7062efacbd4" testName="VibeSwarm.Tests.SystemErrorDetectionTests.RecordSystemFailure_ImmediatelyOpensCircuit" computerName="raspberrypi5" duration="00:00:00.0006188" startTime="2026-03-25T22:48:09.6260682-04:00" endTime="2026-03-25T22:48:09.6262467-04:00" testType="13cdc9d9-ddb5-4fa4-a97d-d965ccfc6d4b" outcome="Passed" testListId="8c84fa94-04c1-424b-9868-57a2d4851a1d" relativeResultsDirectory="c0e2d33f-9b91-4805-a033-b388f246c16b" />
    <UnitTestResult executionId="589dd186-4127-4973-bfad-f69898ac5504" testId="ae67001b-eb62-cf52-21c8-05702720fcdf" testName="VibeSwarm.Tests.ProviderUsageParsingTests.ClaudeUsageParser_ParseLimitSignals_ParsesWeeklyLimitFractionAndReset" computerName="raspberrypi5" duration="00:00:00.0547575" startTime="2026-03-25T22:47:59.1052140-04:00" endTime="2026-03-25T22:47:59.1079249-04:00" testType="13cdc9d9-ddb5-4fa4-a97d-d965ccfc6d4b" outcome="Passed" testListId="8c84fa94-04c1-424b-9868-57a2d4851a1d" relativeResultsDirectory="589dd186-4127-4973-bfad-f69898ac5504" />
    <UnitTestResult executionId="40338c2b-c776-47df-a887-4f2bb2774e73" testId="eec72ac7-1983-0768-9d28-d23e816e7330" testName="VibeSwarm.Tests.ChangePasswordModelTests.Validate_WithMismatchedConfirmation_AssignsErrorToConfirmPassword" computerName="raspberrypi5" duration="00:00:00.0028932" startTime="2026-03-25T22:48:10.7122807-04:00" endTime="2026-03-25T22:48:10.7147815-04:00" testType="13cdc9d9-ddb5-4fa4-a97d-d965ccfc6d4b" outcome="Passed" testListId="8c84fa94-04c1-424b-9868-57a2d4851a1d" relativeResultsDirectory="40338c2b-c776-47df-a887-4f2bb2774e73" />
    <UnitTestResult executionId="69d3c691-875a-4615-8dfb-283037d10ea6" testId="f7bb95e0-2e09-3d04-527d-c1519ab09bb9" testName="VibeSwarm.Tests.ProjectMemoryPromptTests.BuildProjectMemoryRules_IncludesBootstrapGuidanceWhenMemoryIsEmpty" computerName="raspberrypi5" duration="00:00:00.0002195" startTime="2026-03-25T22:48:10.3176736-04:00" endTime="2026-03-25T22:48:10.3178312-04:00" testType="13cdc9d9-ddb5-4fa4-a97d-d965ccfc6d4b" outcome="Passed" testListId="8c84fa94-04c1-424b-9868-57a2d4851a1d" relativeResultsDirectory="69d3c691-875a-4615-8dfb-283037d10ea6" />
    <UnitTestResult executionId="9a17e0be-957a-4b73-a87e-b55223cad6ca" testId="509ff4e4-fb00-2d52-e2a5-9d3b297d61af" testName="VibeSwarm.Tests.JobSessionPanelTests.RenderedJobSessionPanel_ShowsCliWaitStateAsInlineStatus" computerName="raspberrypi5" duration="00:00:00.0025291" startTime="2026-03-25T22:47:59.6673136-04:00" endTime="2026-03-25T22:47:59.6695310-04:00" testType="13cdc9d9-ddb5-4fa4-a97d-d965ccfc6d4b" outcome="Passed" testListId="8c84fa94-04c1-424b-9868-57a2d4851a1d" relativeResultsDirectory="9a17e0be-957a-4b73-a87e-b55223cad6ca" />
    <UnitTestResult executionId="c121532b-7526-48ee-9fb5-305eb7e25fd2" testId="b4b18c6c-1d3a-08bf-df9d-e9ac4b09fb37" testName="VibeSwarm.Tests.VersionControlServiceGitHubBrowserTests.BrowseGitHubRepositoriesAsync_ParsesJsonWrappedInAdditionalCliOutput" computerName="raspberrypi5" duration="00:00:00.0678177" startTime="2026-03-25T22:48:07.3482620-04:00" endTime="2026-03-25T22:48:07.4044764-04:00" testType="13cdc9d9-ddb5-4fa4-a97d-d965ccfc6d4b" outcome="Passed" testListId="8c84fa94-04c1-424b-9868-57a2d4851a1d" relativeResultsDirectory="c121532b-7526-48ee-9fb5-305eb7e25fd2" />
    <UnitTestResult executionId="5ad135d0-38cf-4c03-ae7e-1746fda4855e" testId="c723add5-69b2-1a91-7b5f-4092f88f7532" testName="VibeSwarm.Tests.DashboardMetricChartTests.DashboardMetricChart_SelectingBarShowsPointValue" computerName="raspberrypi5" duration="00:00:00.1374084" startTime="2026-03-25T22:48:03.0957382-04:00" endTime="2026-03-25T22:48:03.2362647-04:00" testType="13cdc9d9-ddb5-4fa4-a97d-d965ccfc6d4b" outcome="Passed" testListId="8c84fa94-04c1-424b-9868-57a2d4851a1d" relativeResultsDirectory="5ad135d0-38cf-4c03-ae7e-1746fda4855e" />
    <UnitTestResult executionId="b89b09de-c1bb-46a8-847d-5c45fdf367d4" testId="609b04a9-50bc-be2b-dbe4-2fafcc408c11" testName="VibeSwarm.Tests.ProviderCliArgsTests.OpenCode_MinimalOptions_StartsWithRun" computerName="raspberrypi5" duration="00:00:00.0051319" startTime="2026-03-25T22:48:03.4678187-04:00" endTime="2026-03-25T22:48:03.4728784-04:00" testType="13cdc9d9-ddb5-4fa4-a97d-d965ccfc6d4b" outcome="Passed" testListId="8c84fa94-04c1-424b-9868-57a2d4851a1d" relativeResultsDirectory="b89b09de-c1bb-46a8-847d-5c45fdf367d4" />
    <UnitTestResult executionId="fd9418f9-b8cf-4ff1-b22d-3b9179ea6520" testId="f3f26ae6-96d4-d205-9a27-39ffae1b48c1" testName="VibeSwarm.Tests.ProjectProvisioningServiceTests.CreateProjectAsync_CloneMode_ClonesRepositoryAndPersistsProject" computerName="raspberrypi5" duration="00:00:02.2225636" startTime="2026-03-25T22:47:59.7225160-04:00" endTime="2026-03-25T22:48:01.9447361-04:00" testType="13cdc9d9-ddb5-4fa4-a97d-d965ccfc6d4b" outcome="Passed" testListId="8c84fa94-04c1-424b-9868-57a2d4851a1d" relativeResultsDirectory="fd9418f9-b8cf-4ff1-b22d-3b9179ea6520" />
    <UnitTestResult executionId="914db422-0b8a-4b10-a5b4-1959cae9c1c1" testId="5680da37-33ca-1515-3f81-56c27f8a6f41" testName="VibeSwarm.Tests.BuildVerificationPromptTests.BuildSystemPromptRules_IncludesConfiguredBuildCommand" computerName="raspberrypi5" duration="00:00:00.0003742" startTime="2026-03-25T22:48:09.9571436-04:00" endTime="2026-03-25T22:48:09.9573917-04:00" testType="13cdc9d9-ddb5-4fa4-a97d-d965ccfc6d4b" outcome="Passed" testListId="8c84fa94-04c1-424b-9868-57a2d4851a1d" relativeResultsDirectory="914db422-0b8a-4b10-a5b4-1959cae9c1c1" />
    <UnitTestResult executionId="45e1fbc2-2cfc-4d72-b758-5075dc5b0e99" testId="1cbe19f1-e3ff-0805-04e8-549b9981bf64" testName="VibeSwarm.Tests.ProviderCliArgsTests.Copilot_WithExcludedTools_AddsExcludedToolsFlags" computerName="raspberrypi5" duration="00:00:00.0005318" startTime="2026-03-25T22:48:03.4647371-04:00" endTime="2026-03-25T22:48:03.4650759-04:00" testType="13cdc9d9-ddb5-4fa4-a97d-d965ccfc6d4b" outcome="Passed" testListId="8c84fa94-04c1-424b-9868-57a2d4851a1d" relativeResultsDirectory="45e1fbc2-2cfc-4d72-b758-5075dc5b0e99" />
    <UnitTestResult executionId="04b116da-a518-4e1a-a499-e593ec116869" testId="78fbcd62-6247-4a78-a545-0a2c6bcd06ad" testName="VibeSwarm.Tests.CopilotClaudeFormatTests.Content_AsString_ProvidesContentText" computerName="raspberrypi5" duration="00:00:00.0001646" startTime="2026-03-25T22:47:59.0847447-04:00" endTime="2026-03-25T22:47:59.0849055-04:00" testType="13cdc9d9-ddb5-4fa4-a97d-d965ccfc6d4b" outcome="Passed" testListId="8c84fa94-04c1-424b-9868-57a2d4851a1d" relativeResultsDirectory="04b116da-a518-4e1a-a499-e593ec116869" />
    <UnitTestResult executionId="f9b09009-6d32-4b6e-8bb7-88956e39085d" testId="61d860e6-b2ba-6123-4131-42241203f989" testName="VibeSwarm.Tests.ProjectsPageTests.RenderedProjectsPage_GroupsGitActionsUnderProjectOptions" computerName="raspberrypi5" duration="00:00:00.0091902" startTime="2026-03-25T22:48:03.0261415-04:00" endTime="2026-03-25T22:48:03.0362283-04:00" testType="13cdc9d9-ddb5-4fa4-a97d-d965ccfc6d4b" outcome="Passed" testListId="8c84fa94-04c1-424b-9868-57a2d4851a1d" relativeResultsDirectory="f9b09009-6d32-4b6e-8bb7-88956e39085d" />
    <UnitTestResult executionId="098981a0-1002-437b-b74d-67c9b4f5877b" testId="21500926-7a1c-5cb5-e3be-2066d94faf40" testName="VibeSwarm.Tests.SystemErrorDetectionTests.NormalFailure_DoesNotImmediatelyOpenCircuit" computerName="raspberrypi5" duration="00:00:00.0012986" startTime="2026-03-25T22:48:09.6254302-04:00" endTime="2026-03-25T22:48:09.6256215-04:00" testType="13cdc9d9-ddb5-4fa4-a97d-d965ccfc6d4b" outcome="Passed" testListId="8c84fa94-04c1-424b-9868-57a2d4851a1d" relativeResultsDirectory="098981a0-1002-437b-b74d-67c9b4f5877b" />
    <UnitTestResult executionId="1c016b10-0583-4903-ab75-5ad8968d278a" testId="802eaea4-3458-5cd0-b040-f37a51097443" testName="VibeSwarm.Tests.ProviderCliArgsTests.Claude_DoesNotContain_CopilotSpecificFlags" computerName="raspberrypi5" duration="00:00:00.0019416" startTime="2026-03-25T22:48:03.4084979-04:00" endTime="2026-03-25T22:48:03.4109436-04:00" testType="13cdc9d9-ddb5-4fa4-a97d-d965ccfc6d4b" outcome="Passed" testListId="8c84fa94-04c1-424b-9868-57a2d4851a1d" relativeResultsDirectory="1c016b10-0583-4903-ab75-5ad8968d278a" />
    <UnitTestResult executionId="9619224e-01e5-424f-8148-337c2be613f5" testId="c2ed8b59-076c-af51-3062-b04565681130" testName="VibeSwarm.Tests.CopilotClaudeFormatTests.FullErrorSequence_AllEventsDeserialize" computerName="raspberrypi5" duration="00:00:00.0154173" startTime="2026-03-25T22:47:59.0505813-04:00" endTime="2026-03-25T22:47:59.0567337-04:00" testType="13cdc9d9-ddb5-4fa4-a97d-d965ccfc6d4b" outcome="Passed" testListId="8c84fa94-04c1-424b-9868-57a2d4851a1d" relativeResultsDirectory="9619224e-01e5-424f-8148-337c2be613f5" />
    <UnitTestResult executionId="8851c7fa-8618-490e-af08-a2fde40aa731" testId="0bf00850-c9f3-6eb5-7da2-ae0812fd6e33" testName="VibeSwarm.Tests.ProjectProvisioningServiceTests.CreateProjectAsync_CreateGitHubMode_CreatesRepositoryAndStoresRemotePath" computerName="raspberrypi5" duration="00:00:00.2570711" startTime="2026-03-25T22:48:01.9455659-04:00" endTime="2026-03-25T22:48:02.2034826-04:00" testType="13cdc9d9-ddb5-4fa4-a97d-d965ccfc6d4b" outcome="Passed" testListId="8c84fa94-04c1-424b-9868-57a2d4851a1d" relativeResultsDirectory="8851c7fa-8618-490e-af08-a2fde40aa731" />
    <UnitTestResult executionId="db06b802-5270-45eb-baf2-028a812943e8" testId="29d12cec-a68f-0bde-9a5d-a8604c629374" testName="VibeSwarm.Tests.ProviderCliDetectionServiceTests.DetectAsync_UsesStderrVersionOutputWhenAvailable" computerName="raspberrypi5" duration="00:00:00.0249825" startTime="2026-03-25T22:48:07.2631355-04:00" endTime="2026-03-25T22:48:07.2926220-04:00" testType="13cdc9d9-ddb5-4fa4-a97d-d965ccfc6d4b" outcome="Passed" testListId="8c84fa94-04c1-424b-9868-57a2d4851a1d" relativeResultsDirectory="db06b802-5270-45eb-baf2-028a812943e8" />
    <UnitTestResult executionId="ba6718df-ab48-49dc-90d6-c1c468cb0a65" testId="9d152375-478c-8bd7-6460-49e21b1cc308" testName="VibeSwarm.Tests.ProviderCliArgsTests.Claude_WithMaxTurns_AddsMaxTurnsFlag" computerName="raspberrypi5" duration="00:00:00.0003245" startTime="2026-03-25T22:48:03.4267548-04:00" endTime="2026-03-25T22:48:03.4270409-04:00" testType="13cdc9d9-ddb5-4fa4-a97d-d965ccfc6d4b" outcome="Passed" testListId="8c84fa94-04c1-424b-9868-57a2d4851a1d" relativeResultsDirectory="ba6718df-ab48-49dc-90d6-c1c468cb0a65" />
    <UnitTestResult executionId="9a6dde0a-36d9-41fd-b774-d2dc861ffc08" testId="95b88013-0b9a-5695-5571-23cef2ff76bb" testName="VibeSwarm.Tests.JobScheduleServiceTests.SetEnabledAsync_RecomputesFutureRunWhenResumingPausedSchedule" computerName="raspberrypi5" duration="00:00:00.2552451" startTime="2026-03-25T22:48:02.4569815-04:00" endTime="2026-03-25T22:48:02.7078187-04:00" testType="13cdc9d9-ddb5-4fa4-a97d-d965ccfc6d4b" outcome="Passed" testListId="8c84fa94-04c1-424b-9868-57a2d4851a1d" relativeResultsDirectory="9a6dde0a-36d9-41fd-b774-d2dc861ffc08" />
    <UnitTestResult executionId="2a7e83b4-fa83-4317-9914-e8677285e35e" testId="307f318a-fb4a-f523-4e9d-707e14ca43bb" testName="VibeSwarm.Tests.GitDiffParserTests.ParseDiff_IgnoresCommandNoise_AndKeepsOnlyDiffLines" computerName="raspberrypi5" duration="00:00:00.0005301" startTime="2026-03-25T22:47:59.1176308-04:00" endTime="2026-03-25T22:47:59.1178302-04:00" testType="13cdc9d9-ddb5-4fa4-a97d-d965ccfc6d4b" outcome="Passed" testListId="8c84fa94-04c1-424b-9868-57a2d4851a1d" relativeResultsDirectory="2a7e83b4-fa83-4317-9914-e8677285e35e" />
    <UnitTestResult executionId="70395303-1a87-44fd-a577-bfb08080e275" testId="d554c782-cad1-471f-d946-459920a84362" testName="VibeSwarm.Tests.HttpVersionControlServiceTests.GetRemoteUrlAsync_ReturnsJsonStringValue_WhenEndpointReturnsApplicationJson" computerName="raspberrypi5" duration="00:00:00.0020284" startTime="2026-03-25T22:48:10.2062371-04:00" endTime="2026-03-25T22:48:10.2159246-04:00" testType="13cdc9d9-ddb5-4fa4-a97d-d965ccfc6d4b" outcome="Passed" testListId="8c84fa94-04c1-424b-9868-57a2d4851a1d" relativeResultsDirectory="70395303-1a87-44fd-a577-bfb08080e275" />
    <UnitTestResult executionId="c436f700-b0e3-4d38-b866-c0ac455688d1" testId="bafd2835-7aad-a2b8-bc2d-3696a99e4bd8" testName="VibeSwarm.Tests.ProviderUsageParsingTests.CopilotUsageParser_ApplyToExecutionResult_ParsesTokensPremiumRequestsBudgetAndEstimatedCost" computerName="raspberrypi5" duration="00:00:00.0411780" startTime="2026-03-25T22:47:59.1265173-04:00" endTime="2026-03-25T22:47:59.1270967-04:00" testType="13cdc9d9-ddb5-4fa4-a97d-d965ccfc6d4b" outcome="Passed" testListId="8c84fa94-04c1-424b-9868-57a2d4851a1d" relativeResultsDirectory="c436f700-b0e3-4d38-b866-c0ac455688d1" />
    <UnitTestResult executionId="c6e9f294-24dc-4eda-8bb6-6ff9e8040a5e" testId="b4bd7bc1-c085-65f7-0ec1-5394a8acff14" testName="VibeSwarm.Tests.ProjectsPageTests.RenderedProjectsPage_ShowsIdeaCountsAndQueueAction" computerName="raspberrypi5" duration="00:00:00.0757172" startTime="2026-03-25T22:48:02.9273754-04:00" endTime="2026-03-25T22:48:03.0032956-04:00" testType="13cdc9d9-ddb5-4fa4-a97d-d965ccfc6d4b" outcome="Passed" testListId="8c84fa94-04c1-424b-9868-57a2d4851a1d" relativeResultsDirectory="c6e9f294-24dc-4eda-8bb6-6ff9e8040a5e" />
    <UnitTestResult executionId="4d9d62dc-84cd-4324-831d-c789acf68af9" testId="4b6f17bb-82e9-2e07-4529-45cf6dc930bf" testName="VibeSwarm.Tests.CommonProviderSetupServiceTests.GetStatusesAsync_UsesConfiguredConnectionModeForAuthenticationStatus" computerName="raspberrypi5" duration="00:00:04.6855821" startTime="2026-03-25T22:47:59.7362495-04:00" endTime="2026-03-25T22:48:04.4300851-04:00" testType="13cdc9d9-ddb5-4fa4-a97d-d965ccfc6d4b" outcome="Passed" testListId="8c84fa94-04c1-424b-9868-57a2d4851a1d" relativeResultsDirectory="4d9d62dc-84cd-4324-831d-c789acf68af9" />
    <UnitTestResult executionId="de4dd706-97dd-4b65-95f2-00eaa72abb55" testId="1cc6052e-9536-8f7b-30c0-477748931f7c" testName="VibeSwarm.Tests.ProjectEnvironmentFeatureTests.CreateAsync_EncryptsWebCredentials_AndHydratesClientFields" computerName="raspberrypi5" duration="00:00:00.2684919" startTime="2026-03-25T22:48:03.9736637-04:00" endTime="2026-03-25T22:48:04.2385583-04:00" testType="13cdc9d9-ddb5-4fa4-a97d-d965ccfc6d4b" outcome="Passed" testListId="8c84fa94-04c1-424b-9868-57a2d4851a1d" relativeResultsDirectory="de4dd706-97dd-4b65-95f2-00eaa72abb55" />
    <UnitTestResult executionId="783240b9-ebca-4ff4-b6e7-f0f900b008d2" testId="c4c846b5-4320-c774-bf39-a537867c1e96" testName="VibeSwarm.Tests.CopilotClaudeFormatTests.GetDefaultModelMultiplier_ReturnsExpectedValues(modelId: &quot;gemini-3-pro-preview&quot;, expectedMultiplier: 1)" computerName="raspberrypi5" duration="00:00:00.0000101" startTime="2026-03-25T22:47:59.0484572-04:00" endTime="2026-03-25T22:47:59.0486962-04:00" testType="13cdc9d9-ddb5-4fa4-a97d-d965ccfc6d4b" outcome="Passed" testListId="8c84fa94-04c1-424b-9868-57a2d4851a1d" relativeResultsDirectory="783240b9-ebca-4ff4-b6e7-f0f900b008d2" />
    <UnitTestResult executionId="b8e3925e-30fd-449d-bd98-c8fc10718ccd" testId="36cd7c55-c1f4-cd4c-c368-8bdb338746d6" testName="VibeSwarm.Tests.ProjectModalTests.BrowseGitHubRepositories_NullRepositoryListShowsEmptyState" computerName="raspberrypi5" duration="00:00:00.0345843" startTime="2026-03-25T22:48:10.6797404-04:00" endTime="2026-03-25T22:48:10.7114260-04:00" testType="13cdc9d9-ddb5-4fa4-a97d-d965ccfc6d4b" outcome="Passed" testListId="8c84fa94-04c1-424b-9868-57a2d4851a1d" relativeResultsDirectory="b8e3925e-30fd-449d-bd98-c8fc10718ccd" />
    <UnitTestResult executionId="224fae37-6cc2-4321-85f5-1fe030558d60" testId="a7a2273b-f503-930a-1b39-84e519152ee8" testName="VibeSwarm.Tests.ProviderCliArgsTests.Copilot_WithSessionId_AddsResumeFlag" computerName="raspberrypi5" duration="00:00:00.0003433" startTime="2026-03-25T22:48:03.4527516-04:00" endTime="2026-03-25T22:48:03.4530079-04:00" testType="13cdc9d9-ddb5-4fa4-a97d-d965ccfc6d4b" outcome="Passed" testListId="8c84fa94-04c1-424b-9868-57a2d4851a1d" relativeResultsDirectory="224fae37-6cc2-4321-85f5-1fe030558d60" />
    <UnitTestResult executionId="8adc2705-fd86-4bba-aa52-0ad3b2962fd0" testId="563a8253-ce65-211d-597d-ae07a543268b" testName="VibeSwarm.Tests.JobExecutionSafetyTests.GetCompletionCriteria_UsesTenMinuteDefaultAndProviderOverride" computerName="raspberrypi5" duration="00:00:00.2182678" startTime="2026-03-25T22:48:01.1370141-04:00" endTime="2026-03-25T22:48:01.3563473-04:00" testType="13cdc9d9-ddb5-4fa4-a97d-d965ccfc6d4b" outcome="Passed" testListId="8c84fa94-04c1-424b-9868-57a2d4851a1d" relativeResultsDirectory="8adc2705-fd86-4bba-aa52-0ad3b2962fd0" />
    <UnitTestResult executionId="1db0bd99-6cae-4b15-bdf0-4cccb75eda9b" testId="80ecd234-5539-94bf-240b-30b03aae735e" testName="VibeSwarm.Tests.ProjectChangesSectionResolverTests.Resolve_PrefersWorkingDirectoryChanges_WhenUncommittedChangesExist" computerName="raspberrypi5" duration="00:00:00.0265856" startTime="2026-03-25T22:48:09.4614507-04:00" endTime="2026-03-25T22:48:09.4876827-04:00" testType="13cdc9d9-ddb5-4fa4-a97d-d965ccfc6d4b" outcome="Passed" testListId="8c84fa94-04c1-424b-9868-57a2d4851a1d" relativeResultsDirectory="1db0bd99-6cae-4b15-bdf0-4cccb75eda9b" />
    <UnitTestResult executionId="24920842-ecce-40fd-8492-90114bef3c0d" testId="a60a2a15-953e-13d0-e622-9e833ac817f4" testName="VibeSwarm.Tests.CopilotClaudeFormatTests.GetDefaultModelMultiplier_ReturnsExpectedValues(modelId: &quot;gpt-5.2&quot;, expectedMultiplier: 1)" computerName="raspberrypi5" duration="00:00:00.0000128" startTime="2026-03-25T22:47:58.9399355-04:00" endTime="2026-03-25T22:47:58.9402050-04:00" testType="13cdc9d9-ddb5-4fa4-a97d-d965ccfc6d4b" outcome="Passed" testListId="8c84fa94-04c1-424b-9868-57a2d4851a1d" relativeResultsDirectory="24920842-ecce-40fd-8492-90114bef3c0d" />
    <UnitTestResult executionId="0adbee7e-9181-4345-a05c-6c239edeea37" testId="434bf1c4-a352-576e-e79d-0aab72a3ed83" testName="VibeSwarm.Tests.CopilotClaudeFormatTests.Content_WhenMissing_BothHelpersReturnNull" computerName="raspberrypi5" duration="00:00:00.0002195" startTime="2026-03-25T22:47:59.0778554-04:00" endTime="2026-03-25T22:47:59.0780462-04:00" testType="13cdc9d9-ddb5-4fa4-a97d-d965ccfc6d4b" outcome="Passed" testListId="8c84fa94-04c1-424b-9868-57a2d4851a1d" relativeResultsDirectory="0adbee7e-9181-4345-a05c-6c239edeea37" />
    <UnitTestResult executionId="813313fb-3bc8-46d8-9cf7-a616591ed9e9" testId="8868592d-7a3f-d405-2dd5-928a4d354872" testName="VibeSwarm.Tests.ProjectModalTests.AddTeamRole_AssignmentSeedsDefaultProviderAndModel" computerName="raspberrypi5" duration="00:00:00.0672080" startTime="2026-03-25T22:48:10.5085230-04:00" endTime="2026-03-25T22:48:10.5752900-04:00" testType="13cdc9d9-ddb5-4fa4-a97d-d965ccfc6d4b" outcome="Passed" testListId="8c84fa94-04c1-424b-9868-57a2d4851a1d" relativeResultsDirectory="813313fb-3bc8-46d8-9cf7-a616591ed9e9" />
    <UnitTestResult executionId="c6b54d84-dfbf-4bc0-8159-6d986a2853df" testId="bad4ae10-cbc2-e0d9-f519-daf83ebe70dd" testName="VibeSwarm.Tests.ProviderPlanningHelperTests.ExtractExecutionText_PrefersPlanMessages" computerName="raspberrypi5" duration="00:00:00.0068923" startTime="2026-03-25T22:48:09.6617459-04:00" endTime="2026-03-25T22:48:09.6725465-04:00" testType="13cdc9d9-ddb5-4fa4-a97d-d965ccfc6d4b" outcome="Passed" testListId="8c84fa94-04c1-424b-9868-57a2d4851a1d" relativeResultsDirectory="c6b54d84-dfbf-4bc0-8159-6d986a2853df" />
    <UnitTestResult executionId="80610152-b52d-4e30-9fee-9e45dbb53daf" testId="0ae747f3-c074-a529-5230-e516bf98af78" testName="VibeSwarm.Tests.ProjectTeamPromptTests.BuildStructuredPrompt_IncludesAssignedTeamRoles" computerName="raspberrypi5" duration="00:00:00.0017860" startTime="2026-03-25T22:48:07.5017014-04:00" endTime="2026-03-25T22:48:07.5018664-04:00" testType="13cdc9d9-ddb5-4fa4-a97d-d965ccfc6d4b" outcome="Passed" testListId="8c84fa94-04c1-424b-9868-57a2d4851a1d" relativeResultsDirectory="80610152-b52d-4e30-9fee-9e45dbb53daf" />
    <UnitTestResult executionId="a52a7572-5ef7-4b86-94ed-5660c298130d" testId="e8d910ba-3fcf-fa91-b365-99fcf70d9452" testName="VibeSwarm.Tests.JobScheduleServiceTests.ProcessDueSchedulesAsync_CreatesOnlyOneJobPerScheduledRun" computerName="raspberrypi5" duration="00:00:00.6241508" startTime="2026-03-25T22:48:01.8290252-04:00" endTime="2026-03-25T22:48:02.4563387-04:00" testType="13cdc9d9-ddb5-4fa4-a97d-d965ccfc6d4b" outcome="Passed" testListId="8c84fa94-04c1-424b-9868-57a2d4851a1d" relativeResultsDirectory="a52a7572-5ef7-4b86-94ed-5660c298130d" />
    <UnitTestResult executionId="e540112f-2184-4ee7-878c-6f3e57782300" testId="98c36d4c-c12a-000f-6d48-07e1a9d27280" testName="VibeSwarm.Tests.VersionControlServiceBranchDeliveryTests.CreatePullRequestAsync_PushesBranchAndParsesPullRequestMetadata" computerName="raspberrypi5" duration="00:00:00.0170236" startTime="2026-03-25T22:48:09.6419471-04:00" endTime="2026-03-25T22:48:09.6421971-04:00" testType="13cdc9d9-ddb5-4fa4-a97d-d965ccfc6d4b" outcome="Passed" testListId="8c84fa94-04c1-424b-9868-57a2d4851a1d" relativeResultsDirectory="e540112f-2184-4ee7-878c-6f3e57782300" />
    <UnitTestResult executionId="decc2a51-9cba-4b50-a858-dccc4fb4c924" testId="a0d34a0c-0d16-0fc1-0633-a183a0709170" testName="VibeSwarm.Tests.SectionErrorBoundaryTests.SectionErrorBoundary_RetryRendersChild_WhenIssueClears" computerName="raspberrypi5" duration="00:00:00.0165307" startTime="2026-03-25T22:48:07.2288927-04:00" endTime="2026-03-25T22:48:07.2435428-04:00" testType="13cdc9d9-ddb5-4fa4-a97d-d965ccfc6d4b" outcome="Passed" testListId="8c84fa94-04c1-424b-9868-57a2d4851a1d" relativeResultsDirectory="decc2a51-9cba-4b50-a858-dccc4fb4c924" />
    <UnitTestResult executionId="b7b2fb4f-b83d-4a24-8ac3-3e8b019e88ae" testId="d2c8e0f7-e73e-166c-f9a3-9c28834ec656" testName="VibeSwarm.Tests.ProviderCliArgsTests.Claude_WithMaxBudget_AddsMaxBudgetFlag" computerName="raspberrypi5" duration="00:00:00.0007035" startTime="2026-03-25T22:48:03.5038975-04:00" endTime="2026-03-25T22:48:03.5083643-04:00" testType="13cdc9d9-ddb5-4fa4-a97d-d965ccfc6d4b" outcome="Passed" testListId="8c84fa94-04c1-424b-9868-57a2d4851a1d" relativeResultsDirectory="b7b2fb4f-b83d-4a24-8ac3-3e8b019e88ae" />
    <UnitTestResult executionId="059f91af-d980-4a16-b28f-2a13394404b3" testId="4df363a7-99eb-3b9e-ed17-ad68f1f409b9" testName="VibeSwarm.Tests.ProjectEnvironmentFeatureTests.GenerateExecutionResourcesAsync_StoresPlaywrightArtifactsOutsideWorkingDirectory_AndCleansThemUp" computerName="raspberrypi5" duration="00:00:00.2031254" startTime="2026-03-25T22:48:08.1489296-04:00" endTime="2026-03-25T22:48:08.3553436-04:00" testType="13cdc9d9-ddb5-4fa4-a97d-d965ccfc6d4b" outcome="Passed" testListId="8c84fa94-04c1-424b-9868-57a2d4851a1d" relativeResultsDirectory="059f91af-d980-4a16-b28f-2a13394404b3" />
    <UnitTestResult executionId="098f46d8-94a7-4eab-811c-8309a33e3c9d" testId="63c8860f-f3e4-6c49-3851-342c6a0aa00c" testName="VibeSwarm.Tests.QueueAndIdeaServiceTests.UpdateJobPromptAsync_PreservesIdeaTitle" computerName="raspberrypi5" duration="00:00:00.3663674" startTime="2026-03-25T22:48:03.9890722-04:00" endTime="2026-03-25T22:48:04.3563786-04:00" testType="13cdc9d9-ddb5-4fa4-a97d-d965ccfc6d4b" outcome="Passed" testListId="8c84fa94-04c1-424b-9868-57a2d4851a1d" relativeResultsDirectory="098f46d8-94a7-4eab-811c-8309a33e3c9d" />
    <UnitTestResult executionId="13fe2951-32ac-47e5-a411-72d0d5d4105f" testId="2a60a583-e5f0-00a0-118e-6487507480c0" testName="VibeSwarm.Tests.JobSessionPanelTests.RenderedJobSessionPanel_ShowsPersistedUserMessagesAsUserEntries" computerName="raspberrypi5" duration="00:00:00.0062983" startTime="2026-03-25T22:47:59.0515300-04:00" endTime="2026-03-25T22:47:59.0517421-04:00" testType="13cdc9d9-ddb5-4fa4-a97d-d965ccfc6d4b" outcome="Passed" testListId="8c84fa94-04c1-424b-9868-57a2d4851a1d" relativeResultsDirectory="13fe2951-32ac-47e5-a411-72d0d5d4105f" />
    <UnitTestResult executionId="8027ed2c-5a73-4efb-842f-d710c29b1d8a" testId="ca60f393-c370-308c-f92f-e1348547e6ea" testName="VibeSwarm.Tests.ProviderCliArgsTests.Copilot_WithMcpConfig_AddsAdditionalMcpConfigWithAtPrefix" computerName="raspberrypi5" duration="00:00:00.0239781" startTime="2026-03-25T22:48:03.3171667-04:00" endTime="2026-03-25T22:48:03.3403194-04:00" testType="13cdc9d9-ddb5-4fa4-a97d-d965ccfc6d4b" outcome="Passed" testListId="8c84fa94-04c1-424b-9868-57a2d4851a1d" relativeResultsDirectory="8027ed2c-5a73-4efb-842f-d710c29b1d8a" />
    <UnitTestResult executionId="9d5d20e4-3c26-48b7-82b7-2411ef717d4b" testId="c923d92d-78c0-594d-105d-2f17fbf3b856" testName="VibeSwarm.Tests.ProjectEnvironmentFeatureTests.BuildSystemPromptRules_IncludesEnvironmentStageGuidance" computerName="raspberrypi5" duration="00:00:00.3173695" startTime="2026-03-25T22:48:03.2173628-04:00" endTime="2026-03-25T22:48:03.5492041-04:00" testType="13cdc9d9-ddb5-4fa4-a97d-d965ccfc6d4b" outcome="Passed" testListId="8c84fa94-04c1-424b-9868-57a2d4851a1d" relativeResultsDirectory="9d5d20e4-3c26-48b7-82b7-2411ef717d4b" />
    <UnitTestResult executionId="c9bfa0a3-b451-4bef-be81-99705505ee20" testId="bd242525-69b2-46a1-15a9-4d3bdd7caa7f" testName="VibeSwarm.Tests.QueueAndIdeaServiceTests.SuggestIdeasFromCodebaseAsync_UsesRequestedProviderModelAndIdeaCount" computerName="raspberrypi5" duration="00:00:00.9449019" startTime="2026-03-25T22:48:03.0418941-04:00" endTime="2026-03-25T22:48:03.9882960-04:00" testType="13cdc9d9-ddb5-4fa4-a97d-d965ccfc6d4b" outcome="Passed" testListId="8c84fa94-04c1-424b-9868-57a2d4851a1d" relativeResultsDirectory="c9bfa0a3-b451-4bef-be81-99705505ee20" />
    <UnitTestResult executionId="c7e321c6-32c3-453f-8bba-dffa1ddbe365" testId="be36b88d-7d21-f1cb-1e2e-9e39a5502d83" testName="VibeSwarm.Tests.TeamRoleServiceTests.CreateAsync_WithDefaultProviderNavigation_DoesNotReinsertProvider" computerName="raspberrypi5" duration="00:00:00.2280539" startTime="2026-03-25T22:48:05.2327883-04:00" endTime="2026-03-25T22:48:05.4560160-04:00" testType="13cdc9d9-ddb5-4fa4-a97d-d965ccfc6d4b" outcome="Passed" testListId="8c84fa94-04c1-424b-9868-57a2d4851a1d" relativeResultsDirectory="c7e321c6-32c3-453f-8bba-dffa1ddbe365" />
    <UnitTestResult executionId="9cca3733-4c76-4401-aa08-4756e17c6545" testId="7865308d-60f7-b2ad-ec80-fbbf51fd7953" testName="VibeSwarm.Tests.SectionErrorBoundaryTests.SectionErrorBoundary_ShowsFallback_WhenChildThrows" computerName="raspberrypi5" duration="00:00:00.0246866" startTime="2026-03-25T22:48:07.2028316-04:00" endTime="2026-03-25T22:48:07.2282740-04:00" testType="13cdc9d9-ddb5-4fa4-a97d-d965ccfc6d4b" outcome="Passed" testListId="8c84fa94-04c1-424b-9868-57a2d4851a1d" relativeResultsDirectory="9cca3733-4c76-4401-aa08-4756e17c6545" />
    <UnitTestResult executionId="10509a64-ee34-4a25-a8f0-3f7f90c2743a" testId="c3df7a66-b821-82c3-0087-6bb89ca18ec9" testName="VibeSwarm.Tests.JobSessionPanelTests.RenderedJobSessionPanel_UsesLiveTranscriptWhenPersistedMessagesAreSparse" computerName="raspberrypi5" duration="00:00:00.0039214" startTime="2026-03-25T22:47:59.7141488-04:00" endTime="2026-03-25T22:47:59.7176020-04:00" testType="13cdc9d9-ddb5-4fa4-a97d-d965ccfc6d4b" outcome="Passed" testListId="8c84fa94-04c1-424b-9868-57a2d4851a1d" relativeResultsDirectory="10509a64-ee34-4a25-a8f0-3f7f90c2743a" />
    <UnitTestResult executionId="eae1849f-8eb4-47f6-9d4b-d3b0eaecb677" testId="53535519-a684-e1ca-f92d-34c2a4ac3220" testName="VibeSwarm.Tests.ProjectChangesTabStateTests.PreserveExpandedItems_AutoExpandsFirstFile_OnInitialLoad" computerName="raspberrypi5" duration="00:00:00.0068270" startTime="2026-03-25T22:48:07.4767591-04:00" endTime="2026-03-25T22:48:07.4838878-04:00" testType="13cdc9d9-ddb5-4fa4-a97d-d965ccfc6d4b" outcome="Passed" testListId="8c84fa94-04c1-424b-9868-57a2d4851a1d" relativeResultsDirectory="eae1849f-8eb4-47f6-9d4b-d3b0eaecb677" />
    <UnitTestResult executionId="01e2c5a4-52e9-4ce6-90af-eab7b26ab8e6" testId="8d9161ac-d7a3-ce6b-85a9-7b60540debe9" testName="VibeSwarm.Tests.QueueAndIdeaServiceTests.CreateAsync_RejectsIdeaDescriptionThatExceedsLimit" computerName="raspberrypi5" duration="00:00:00.2626350" startTime="2026-03-25T22:48:07.4857958-04:00" endTime="2026-03-25T22:48:07.7483725-04:00" testType="13cdc9d9-ddb5-4fa4-a97d-d965ccfc6d4b" outcome="Passed" testListId="8c84fa94-04c1-424b-9868-57a2d4851a1d" relativeResultsDirectory="01e2c5a4-52e9-4ce6-90af-eab7b26ab8e6" />
    <UnitTestResult executionId="d8b3f5f4-99fc-4291-875f-7cd7fea188b3" testId="f69224fb-4efb-0faf-9f81-da729cac9109" testName="VibeSwarm.Tests.CopilotClaudeFormatTests.GetDefaultModelMultiplier_ReturnsExpectedValues(modelId: &quot;gpt-5.4&quot;, expectedMultiplier: 1)" computerName="raspberrypi5" duration="00:00:00.0000116" startTime="2026-03-25T22:47:59.0406671-04:00" endTime="2026-03-25T22:47:59.0408762-04:00" testType="13cdc9d9-ddb5-4fa4-a97d-d965ccfc6d4b" outcome="Passed" testListId="8c84fa94-04c1-424b-9868-57a2d4851a1d" relativeResultsDirectory="d8b3f5f4-99fc-4291-875f-7cd7fea188b3" />
    <UnitTestResult executionId="d9af522b-ddaa-4329-8f0f-e8a60cb489c2" testId="e00a583c-f022-317e-f888-0e9396abc005" testName="VibeSwarm.Tests.QueueAndIdeaServiceTests.UpdateAsync_UpdatesExistingIdeaWithoutCreatingDuplicate" computerName="raspberrypi5" duration="00:00:00.1191625" startTime="2026-03-25T22:48:11.5772312-04:00" endTime="2026-03-25T22:48:11.6960486-04:00" testType="13cdc9d9-ddb5-4fa4-a97d-d965ccfc6d4b" outcome="Passed" testListId="8c84fa94-04c1-424b-9868-57a2d4851a1d" relativeResultsDirectory="d9af522b-ddaa-4329-8f0f-e8a60cb489c2" />
    <UnitTestResult executionId="c1ede9bb-e00f-495b-8884-db196e4e7fa2" testId="b62391d4-80c9-ace7-dc8b-43e76b4c83f7" testName="VibeSwarm.Tests.IdeaToastCoordinatorTests.ShouldShowIdeaUpdatedAsync_ReturnsFalse_WhenIdeaStartedJustBeforeUpdateArrives" computerName="raspberrypi5" duration="00:00:00.0438064" startTime="2026-03-25T22:48:07.1583413-04:00" endTime="2026-03-25T22:48:07.1979637-04:00" testType="13cdc9d9-ddb5-4fa4-a97d-d965ccfc6d4b" outcome="Passed" testListId="8c84fa94-04c1-424b-9868-57a2d4851a1d" relativeResultsDirectory="c1ede9bb-e00f-495b-8884-db196e4e7fa2" />
    <UnitTestResult executionId="20502ad4-c0da-4f29-9969-765fbcd8e311" testId="44ff6fee-26a3-db30-54ab-d9d831948c0b" testName="VibeSwarm.Tests.IdeasPanelTests.RenderedIdeasPanel_ShowsCompactStatusAndActionHints" computerName="raspberrypi5" duration="00:00:00.0485672" startTime="2026-03-25T22:48:10.2369650-04:00" endTime="2026-03-25T22:48:10.2909962-04:00" testType="13cdc9d9-ddb5-4fa4-a97d-d965ccfc6d4b" outcome="Passed" testListId="8c84fa94-04c1-424b-9868-57a2d4851a1d" relativeResultsDirectory="20502ad4-c0da-4f29-9969-765fbcd8e311" />
    <UnitTestResult executionId="dd8e9c0a-6307-4ec7-bbdd-2570d54038e6" testId="c4181011-8259-95e0-d585-312792888b63" testName="VibeSwarm.Tests.ProvidersPageTests.RenderedProvidersPage_GroupsConfiguredProvidersWithinMatchingProviderSections" computerName="raspberrypi5" duration="00:00:00.0069053" startTime="2026-03-25T22:48:09.8856694-04:00" endTime="2026-03-25T22:48:09.8899418-04:00" testType="13cdc9d9-ddb5-4fa4-a97d-d965ccfc6d4b" outcome="Passed" testListId="8c84fa94-04c1-424b-9868-57a2d4851a1d" relativeResultsDirectory="dd8e9c0a-6307-4ec7-bbdd-2570d54038e6" />
    <UnitTestResult executionId="a270a461-b746-4099-bafe-4b3923c77c86" testId="04c348c3-2e0f-33b9-ef4a-5b1cf0f8ef9f" testName="VibeSwarm.Tests.TeamRolesControllerTests.Create_WhenValidationFails_ReturnsBadRequestWithValidationMessage" computerName="raspberrypi5" duration="00:00:00.0632837" startTime="2026-03-25T22:47:59.0946910-04:00" endTime="2026-03-25T22:47:59.1054478-04:00" testType="13cdc9d9-ddb5-4fa4-a97d-d965ccfc6d4b" outcome="Passed" testListId="8c84fa94-04c1-424b-9868-57a2d4851a1d" relativeResultsDirectory="a270a461-b746-4099-bafe-4b3923c77c86" />
    <UnitTestResult executionId="fbe2c7e5-5a67-44b1-ae04-71e0c3a4a35c" testId="a58c654c-e712-3806-a88c-13e555158afd" testName="VibeSwarm.Tests.ProjectEnvironmentsEditorTests.RenderedEditorInsideEditForm_WithExistingEnvironment_DoesNotThrow" computerName="raspberrypi5" duration="00:00:00.0044803" startTime="2026-03-25T22:48:10.0129592-04:00" endTime="2026-03-25T22:48:10.0137257-04:00" testType="13cdc9d9-ddb5-4fa4-a97d-d965ccfc6d4b" outcome="Passed" testListId="8c84fa94-04c1-424b-9868-57a2d4851a1d" relativeResultsDirectory="fbe2c7e5-5a67-44b1-ae04-71e0c3a4a35c" />
[...]
    <TestEntry testId="9af2eacf-daed-6e35-46ee-be33fea6995f" executionId="849722ab-f92b-44c5-9f0e-d16459b9eb75" testListId="8c84fa94-04c1-424b-9868-57a2d4851a1d" />
    <TestEntry testId="8eaf60f8-dca9-7449-03fe-1505f18aa897" executionId="7bd8ea2d-1922-4579-bb0f-2d94b26e7ea0" testListId="8c84fa94-04c1-424b-9868-57a2d4851a1d" />
    <TestEntry testId="1dd7e35f-b4af-1988-3815-6ffdd0a656a5" executionId="504c0ce4-a3b5-4ce3-96d9-4ff8a4e27c9d" testListId="8c84fa94-04c1-424b-9868-57a2d4851a1d" />
    <TestEntry testId="cdf333bf-6bc1-28f4-5b7f-4c643a9f496f" executionId="f9828244-1536-492e-ae30-a70aa4b4cbe3" testListId="8c84fa94-04c1-424b-9868-57a2d4851a1d" />
    <TestEntry testId="8f811254-f157-d68f-12f3-01e6d3ea57e1" executionId="0d8e5b65-95e1-4532-aae8-1349f6280086" testListId="8c84fa94-04c1-424b-9868-57a2d4851a1d" />
    <TestEntry testId="3efd623a-ffef-c0ed-68ec-c00cd49b6b90" executionId="2764381d-f6f7-49c8-a602-36b27fefe754" testListId="8c84fa94-04c1-424b-9868-57a2d4851a1d" />
    <TestEntry testId="17f82c85-ad58-20b6-b5dd-1fccb1a6ca51" executionId="d218c4fd-d34c-4054-ba65-83e84bdc0450" testListId="8c84fa94-04c1-424b-9868-57a2d4851a1d" />
    <TestEntry testId="547b6e5e-90a7-c2d4-aff8-09926b4aabc2" executionId="992d6445-474f-43c5-a948-93d2652349a7" testListId="8c84fa94-04c1-424b-9868-57a2d4851a1d" />
    <TestEntry testId="d0588953-efea-2b44-6901-c3e9ada733c2" executionId="cd8f5def-dbcb-4601-b760-4df4a7e94eef" testListId="8c84fa94-04c1-424b-9868-57a2d4851a1d" />
    <TestEntry testId="056e5008-4552-23a5-fa58-a4f0fd4a64b7" executionId="66482034-6e40-434b-9d8f-229616c4f10e" testListId="8c84fa94-04c1-424b-9868-57a2d4851a1d" />
    <TestEntry testId="9445e832-ec4c-0819-9b80-44ca1dc167b4" executionId="a111b9d1-0513-49eb-8d68-3767b268eec6" testListId="8c84fa94-04c1-424b-9868-57a2d4851a1d" />
    <TestEntry testId="79dac4a3-9f10-54ac-82b9-1b39ebb2c9f5" executionId="2acb2490-3f14-4a5d-a576-d981124fc263" testListId="8c84fa94-04c1-424b-9868-57a2d4851a1d" />
    <TestEntry testId="d13d891a-d0a3-aa9d-fa6d-9c9c33416bc9" executionId="bf283bde-3f70-46c8-b8ef-5b8f08b4ba51" testListId="8c84fa94-04c1-424b-9868-57a2d4851a1d" />
    <TestEntry testId="a0ded129-fb27-baa6-86fc-cc8526e71fbe" executionId="4adad539-1f5b-4994-b5a6-dc094a64c657" testListId="8c84fa94-04c1-424b-9868-57a2d4851a1d" />
    <TestEntry testId="17113a57-55e5-c444-9e7e-db9b78456728" executionId="b1add630-a84b-4d78-b43f-2e258ccdcdda" testListId="8c84fa94-04c1-424b-9868-57a2d4851a1d" />
    <TestEntry testId="b23b437b-6526-ba0d-e0c8-889284023599" executionId="a95dcfd3-5c6e-4ea6-95cc-8ca6cc2db046" testListId="8c84fa94-04c1-424b-9868-57a2d4851a1d" />
    <TestEntry testId="1a17906c-8437-18b8-7ff2-3d5624130397" executionId="9c171df4-7229-47a1-94e6-742e54c7eae9" testListId="8c84fa94-04c1-424b-9868-57a2d4851a1d" />
    <TestEntry testId="203f6299-8a16-06fe-7d0b-eb0d3a5c1084" executionId="26911cef-b7ef-4de4-99e0-d0dae1fe3b39" testListId="8c84fa94-04c1-424b-9868-57a2d4851a1d" />
    <TestEntry testId="7462bf6a-6a37-cc56-247a-22a8a6517da4" executionId="fb32544e-dc03-41c7-871b-2f81184fc413" testListId="8c84fa94-04c1-424b-9868-57a2d4851a1d" />
    <TestEntry testId="5650d6ba-e8c4-2bee-0a1d-d18081e6fa0b" executionId="001c4ea9-3ca9-4316-aad1-cc2bdd10d333" testListId="8c84fa94-04c1-424b-9868-57a2d4851a1d" />
    <TestEntry testId="f08a7900-9868-dddc-5472-f6f5cb882b41" executionId="cb825627-dfd4-4372-b90b-580913b22e9c" testListId="8c84fa94-04c1-424b-9868-57a2d4851a1d" />
    <TestEntry testId="1856c9c0-bd26-6c07-7a10-dfa9596270ce" executionId="cbfb3f11-78a3-4357-842d-4a28e1e4a24a" testListId="8c84fa94-04c1-424b-9868-57a2d4851a1d" />
    <TestEntry testId="2d6ff204-ddf3-3e83-bd83-86d97af2bbe8" executionId="0a6dcf88-b22a-4733-a7ee-1e01e333b33d" testListId="8c84fa94-04c1-424b-9868-57a2d4851a1d" />
    <TestEntry testId="2cabb779-81bb-75d4-55fa-0919dbd91e50" executionId="31e4be16-e399-4e48-b6e4-779cf88172c1" testListId="8c84fa94-04c1-424b-9868-57a2d4851a1d" />
    <TestEntry testId="d6693d09-0519-310b-7bb2-ef85ed7b5929" executionId="91563de0-521d-4d16-bc04-2acf1b4a76f9" testListId="8c84fa94-04c1-424b-9868-57a2d4851a1d" />
    <TestEntry testId="50c81bcc-26e9-e400-d8e7-ee55d1311a80" executionId="0a1cbfe0-aa86-4498-b50d-866b46315625" testListId="8c84fa94-04c1-424b-9868-57a2d4851a1d" />
    <TestEntry testId="bfdbf627-068b-57a5-6811-9faada337a34" executionId="d2de2d62-01cf-43eb-ae81-5b99f34121fe" testListId="8c84fa94-04c1-424b-9868-57a2d4851a1d" />
    <TestEntry testId="5f72e712-dd6c-6408-b39a-784e2fed1e6c" executionId="751adfba-85f4-41e4-b7b6-d231b3c8b103" testListId="8c84fa94-04c1-424b-9868-57a2d4851a1d" />
    <TestEntry testId="b80e13d8-e505-5303-4ac8-787369045dd2" executionId="3eaea46b-93a4-4f34-9f53-d233c75384e2" testListId="8c84fa94-04c1-424b-9868-57a2d4851a1d" />
    <TestEntry testId="ce8fd25e-ef42-4637-18fc-6bf333026010" executionId="8c750e40-ba91-48a0-a21e-e06d9c273022" testListId="8c84fa94-04c1-424b-9868-57a2d4851a1d" />
    <TestEntry testId="3ac5b8a2-9ad1-9dd5-980a-ec8a6b6983c1" executionId="db49ef26-390c-4847-8a8b-e309d068182d" testListId="8c84fa94-04c1-424b-9868-57a2d4851a1d" />
    <TestEntry testId="951ae1d9-ac6e-4b6f-5b56-25f799c4c240" executionId="d3fdf378-1210-4da9-bda0-a2a120898c01" testListId="8c84fa94-04c1-424b-9868-57a2d4851a1d" />
    <TestEntry testId="61d391ac-cd85-bd89-948b-a9235d3aaf36" executionId="2c6cfe41-3879-4c10-b5a8-d0394501634b" testListId="8c84fa94-04c1-424b-9868-57a2d4851a1d" />
    <TestEntry testId="6b41e1cb-12d2-d94d-7341-7b5153e1c272" executionId="2c49e800-c038-4b71-80f3-a65ee3e4394b" testListId="8c84fa94-04c1-424b-9868-57a2d4851a1d" />
    <TestEntry testId="a31fb142-a37a-89c4-c25a-4ee59dd24791" executionId="647eddf8-92df-4439-87e6-b7b0472ac4ac" testListId="8c84fa94-04c1-424b-9868-57a2d4851a1d" />
    <TestEntry testId="ac8f3bb3-a593-9d5e-fabf-4d9f239d61f5" executionId="ec334797-434f-4129-99ed-31d2748aea7e" testListId="8c84fa94-04c1-424b-9868-57a2d4851a1d" />
    <TestEntry testId="f7cbd893-d8af-a373-57db-f5777ff4e87d" executionId="a03857f1-6629-4c75-b020-0bf5f6bf22ff" testListId="8c84fa94-04c1-424b-9868-57a2d4851a1d" />
    <TestEntry testId="91481bc2-4b24-2d36-42f1-b3dbdae97467" executionId="238488bf-b507-413c-ad83-eb3936c860e4" testListId="8c84fa94-04c1-424b-9868-57a2d4851a1d" />
    <TestEntry testId="92e7560b-8baf-22a5-9416-df8144b46402" executionId="f5080755-8a07-4ace-989d-9c96b99644cc" testListId="8c84fa94-04c1-424b-9868-57a2d4851a1d" />
    <TestEntry testId="66469a91-0de2-9a39-c4d1-8a03e76ee997" executionId="fc7cba59-d42e-4b71-b673-eef19aca8811" testListId="8c84fa94-04c1-424b-9868-57a2d4851a1d" />
    <TestEntry testId="64a23c92-6ab1-b60e-76f2-fca8f834f6eb" executionId="eb3c76ef-ce5d-4016-b328-fe39f9c482a1" testListId="8c84fa94-04c1-424b-9868-57a2d4851a1d" />
    <TestEntry testId="2dab9690-e148-4ed8-8244-8d937b0fc1a6" executionId="53acb8c9-7a07-42da-8d17-0e6c8da46d3c" testListId="8c84fa94-04c1-424b-9868-57a2d4851a1d" />
    <TestEntry testId="ec88927e-dbf9-5717-0e64-4c24b6dea6dc" executionId="17a94a37-7bd9-409b-abc8-ca786017ddef" testListId="8c84fa94-04c1-424b-9868-57a2d4851a1d" />
    <TestEntry testId="c0d04c44-dc41-4dc1-3a6d-3c03000bfd47" executionId="0a24fcb5-c4e8-487a-ba3b-30d46447d48f" testListId="8c84fa94-04c1-424b-9868-57a2d4851a1d" />
    <TestEntry testId="f6a94919-58fa-e065-08dd-838dd5766e93" executionId="c9434bca-a1d5-4f7f-934c-622809bcdf4c" testListId="8c84fa94-04c1-424b-9868-57a2d4851a1d" />
    <TestEntry testId="e099910c-86c6-be37-d304-7f2dad168b55" executionId="17015a92-3f6f-414a-b53c-9273cfa55713" testListId="8c84fa94-04c1-424b-9868-57a2d4851a1d" />
    <TestEntry testId="e087ee5c-ff5e-72ff-e04b-32c9c7cf7157" executionId="9e0c513d-ccc0-4ae8-870e-1efeb3d820a6" testListId="8c84fa94-04c1-424b-9868-57a2d4851a1d" />
    <TestEntry testId="9202c023-04a0-b540-ee62-894682b105e2" executionId="3d293dcf-6dc4-4f92-9d96-886388dc7aa1" testListId="8c84fa94-04c1-424b-9868-57a2d4851a1d" />
    <TestEntry testId="209ab05e-dd29-ecb3-2c99-8d4b7d0a158b" executionId="c85fcbc7-f4d1-423a-b7bf-306a334476bc" testListId="8c84fa94-04c1-424b-9868-57a2d4851a1d" />
    <TestEntry testId="a46ba80a-6b25-df15-60ce-f490e8b2e2fa" executionId="75a5d932-2947-40af-9c60-a414a40e6493" testListId="8c84fa94-04c1-424b-9868-57a2d4851a1d" />
    <TestEntry testId="560e8c75-6381-bf7f-5fc5-0e54a22455b6" executionId="2b0e2649-46c5-41c7-b764-5f8950742405" testListId="8c84fa94-04c1-424b-9868-57a2d4851a1d" />
    <TestEntry testId="7af31709-1503-24aa-6d46-c4c4af82e12c" executionId="70bc6ba1-8b2f-4dc4-9bf2-d23d326103e5" testListId="8c84fa94-04c1-424b-9868-57a2d4851a1d" />
    <TestEntry testId="e1b54fbe-deaa-06e4-080e-66bca4414c96" executionId="84039923-6dbf-4d00-b8d1-eea14f77c360" testListId="8c84fa94-04c1-424b-9868-57a2d4851a1d" />
    <TestEntry testId="bcb46a84-8e90-4945-6fb5-57e9391a923e" executionId="ed51255c-7f87-4515-9953-6c20d4d18852" testListId="8c84fa94-04c1-424b-9868-57a2d4851a1d" />
    <TestEntry testId="24a7242f-8229-7de7-ab06-bb43ea7c3719" executionId="0e3ed931-2c4c-48e7-8fea-61924cb1a3fe" testListId="8c84fa94-04c1-424b-9868-57a2d4851a1d" />
    <TestEntry testId="7da3bebc-d826-e306-b1ba-1e3c19c56e4d" executionId="d76e1a2f-e042-4bf4-a199-849c81ca3cd0" testListId="8c84fa94-04c1-424b-9868-57a2d4851a1d" />
    <TestEntry testId="629bb181-66b8-b858-c03c-72e44c817d60" executionId="820645f1-a40c-4e01-8ce8-7ff71550824f" testListId="8c84fa94-04c1-424b-9868-57a2d4851a1d" />
    <TestEntry testId="9989df79-c792-03c9-4aef-cd1ff29e26da" executionId="9a92dcb6-6031-4e6f-b07e-fc75cbae288a" testListId="8c84fa94-04c1-424b-9868-57a2d4851a1d" />
    <TestEntry testId="f85ed4bf-a9dc-24ab-10b1-5373a462a7d8" executionId="50f78cdd-5383-4bfb-8e2f-8b63218f257e" testListId="8c84fa94-04c1-424b-9868-57a2d4851a1d" />
    <TestEntry testId="4c316cd0-f1b4-257f-b1ce-51ccfe59718f" executionId="30e14f18-4fa6-4895-b1a9-6fb36bd94c7c" testListId="8c84fa94-04c1-424b-9868-57a2d4851a1d" />
    <TestEntry testId="47cf6600-cf0a-0a9a-82db-2d15124007ec" executionId="d9146e60-261b-420f-8703-e8784ab13ef1" testListId="8c84fa94-04c1-424b-9868-57a2d4851a1d" />
    <TestEntry testId="04ae4d43-39b8-ee15-659c-5e149fbea212" executionId="8c3c6f3f-9c6e-489f-a069-c9b6e90cef09" testListId="8c84fa94-04c1-424b-9868-57a2d4851a1d" />
    <TestEntry testId="a2e91e97-50e8-aab6-c63f-af68d6a99779" executionId="8c36721e-4e39-4cfe-be13-31d060d1bb24" testListId="8c84fa94-04c1-424b-9868-57a2d4851a1d" />
    <TestEntry testId="561e1764-382c-6d80-c0e7-803a86b1d42b" executionId="cf284a52-64e9-4ae4-89a7-552f04adca6b" testListId="8c84fa94-04c1-424b-9868-57a2d4851a1d" />
    <TestEntry testId="60c6fd0b-b284-da93-8eb9-2b76cef41a88" executionId="d9f23354-a027-4554-b202-8258663d5959" testListId="8c84fa94-04c1-424b-9868-57a2d4851a1d" />
    <TestEntry testId="fe123670-ffd7-4292-78d4-8c42fb28119c" executionId="d461d206-dcbd-4d37-82b3-c22b155b5507" testListId="8c84fa94-04c1-424b-9868-57a2d4851a1d" />
    <TestEntry testId="419467b5-c626-b730-63b2-ba9495ef4038" executionId="3e2a549e-ce5e-449b-80b0-f9536e548bd2" testListId="8c84fa94-04c1-424b-9868-57a2d4851a1d" />
    <TestEntry testId="98e6aead-9384-a84f-ab61-0874be8c0447" executionId="8a05c467-0e00-40c2-9e00-faeb1c9062a6" testListId="8c84fa94-04c1-424b-9868-57a2d4851a1d" />
    <TestEntry testId="f1bb4a9c-6320-dac1-4885-28f74a818915" executionId="3411fcd2-277d-4fd8-923f-46a4c49dbe8c" testListId="8c84fa94-04c1-424b-9868-57a2d4851a1d" />
    <TestEntry testId="dd7f5703-5dc4-6a3e-55b0-6c7ce4001508" executionId="44cbfd47-9bf0-4775-a900-994408e73163" testListId="8c84fa94-04c1-424b-9868-57a2d4851a1d" />
    <TestEntry testId="1b9382e2-cb5c-465d-0006-dd6724eeafa4" executionId="0df933fb-0f85-4cfd-b4e1-f9d0410721ee" testListId="8c84fa94-04c1-424b-9868-57a2d4851a1d" />
    <TestEntry testId="9c0ee884-8689-c71b-d5f2-a7d3d8ff6a4b" executionId="4318dcf7-3daf-441c-a6df-02c65d4a2efb" testListId="8c84fa94-04c1-424b-9868-57a2d4851a1d" />
    <TestEntry testId="f8d17090-c0fc-9cbb-5ccb-33d36516e707" executionId="f7d21ae9-3610-416b-b78b-387b6b49faa2" testListId="8c84fa94-04c1-424b-9868-57a2d4851a1d" />
    <TestEntry testId="034555d0-2890-c613-3c8f-f1b38c1cd732" executionId="0bfcae1e-c48b-4f14-b63c-dd88d2b14270" testListId="8c84fa94-04c1-424b-9868-57a2d4851a1d" />
    <TestEntry testId="c16c6a5b-cacc-0c7c-6288-0bbb23f56e47" executionId="68e40959-371e-43df-b63a-4ad68b537e66" testListId="8c84fa94-04c1-424b-9868-57a2d4851a1d" />
    <TestEntry testId="994b578a-88bf-6090-eac5-22347db35248" executionId="64c34653-4b33-4001-b10b-419bbba806c9" testListId="8c84fa94-04c1-424b-9868-57a2d4851a1d" />
    <TestEntry testId="2717c528-ce12-6acf-da93-b20f47aa4a4e" executionId="16bbd404-5425-4008-89f3-649434dfa46f" testListId="8c84fa94-04c1-424b-9868-57a2d4851a1d" />
    <TestEntry testId="d963a11f-675d-268d-497a-ba447f703996" executionId="dc665022-f205-43a0-b2dd-bb2f445386c1" testListId="8c84fa94-04c1-424b-9868-57a2d4851a1d" />
    <TestEntry testId="7b566ff1-ded2-dd10-9a05-9f3375297451" executionId="2b4c74d3-74f0-4f8f-a425-4754086f3fad" testListId="8c84fa94-04c1-424b-9868-57a2d4851a1d" />
    <TestEntry testId="a3514693-f397-98b7-65b6-4e73c83b4872" executionId="ec9b5b02-8555-437d-aaec-0d23c110cc78" testListId="8c84fa94-04c1-424b-9868-57a2d4851a1d" />
    <TestEntry testId="97dd9bda-57ea-2669-f020-9c9d2f195fbc" executionId="90b58ad1-2721-49a5-98b3-201da91a8787" testListId="8c84fa94-04c1-424b-9868-57a2d4851a1d" />
    <TestEntry testId="f00a2501-d84d-b4a9-9d4a-33255a6b82a1" executionId="7eedb911-39e6-4619-9177-dde1d0b9bd30" testListId="8c84fa94-04c1-424b-9868-57a2d4851a1d" />
    <TestEntry testId="94a9d416-c9ed-c0a5-3054-29acb6a59539" executionId="57dd732d-ac9e-49fa-bfc8-9fb3e99779ba" testListId="8c84fa94-04c1-424b-9868-57a2d4851a1d" />
    <TestEntry testId="ec2e0097-2514-3710-a946-4df295de7a32" executionId="a9fb6ae2-c425-4285-b839-6d9594ba45d8" testListId="8c84fa94-04c1-424b-9868-57a2d4851a1d" />
    <TestEntry testId="65ddcee6-0c59-9040-ee5c-44619becc653" executionId="f143ff5b-5ff7-4f21-bafe-b1b727504c05" testListId="8c84fa94-04c1-424b-9868-57a2d4851a1d" />
    <TestEntry testId="732706c6-d6a8-c08c-e04d-091108c56252" executionId="a62be586-165b-4cb1-befb-f208009d4cd5" testListId="8c84fa94-04c1-424b-9868-57a2d4851a1d" />
    <TestEntry testId="8e6ca941-437c-dad9-d809-c5479884cf78" executionId="96ed4c39-cf9e-46bd-9a54-fdfb474da1a9" testListId="8c84fa94-04c1-424b-9868-57a2d4851a1d" />
    <TestEntry testId="9b8d8966-fc79-681f-de1c-a80e36100c83" executionId="34a4f005-df85-4f3c-9adb-10c4a92d541f" testListId="8c84fa94-04c1-424b-9868-57a2d4851a1d" />
    <TestEntry testId="8d7ce89e-6a19-abea-78c0-668fafe2fb9e" executionId="d4a29afa-6b3f-4ab3-b376-f959be14dee0" testListId="8c84fa94-04c1-424b-9868-57a2d4851a1d" />
  </TestEntries>
  <TestLists>
    <TestList name="Results Not in a List" id="8c84fa94-04c1-424b-9868-57a2d4851a1d" />
    <TestList name="All Loaded Results" id="19431567-8539-422a-85d7-44ee4e166bda" />
  </TestLists>
  <ResultSummary outcome="Failed">
    <Counters total="339" executed="339" passed="334" failed="5" error="0" timeout="0" aborted="0" inconclusive="0" passedButRunAborted="0" notRunnable="0" notExecuted="0" disconnected="0" warning="0" completed="0" inProgress="0" pending="0" />
    <Output>
      <StdOut>[xUnit.net 00:00:00.00] xUnit.net VSTest Adapter v3.1.5+1b188a7b0a (64-bit .NET 9.0.0-rc.2.24473.5)
[xUnit.net 00:00:00.16]   Discovering: VibeSwarm.Tests
[xUnit.net 00:00:00.31]   Discovered:  VibeSwarm.Tests
[xUnit.net 00:00:00.41]   Starting:    VibeSwarm.Tests
[xUnit.net 00:00:11.27]       Assert.Contains() Failure: Sub-string not found
[xUnit.net 00:00:11.27]       String:    "Unexpected error merging branches: No rec"···
[xUnit.net 00:00:11.27]       Not found: "would create conflicts"
[xUnit.net 00:00:11.27]       Stack Trace:
[xUnit.net 00:00:11.27]         /home/kyle/GitHub/VibeSwarm/src/VibeSwarm.Tests/VersionControlServiceBranchDeliveryTests.cs(80,0): at VibeSwarm.Tests.VersionControlServiceBranchDeliveryTests.PreviewMergeBranchAsync_ReturnsConflictAndStillCleansUpTemporaryWorktree()
[xUnit.net 00:00:11.27]         --- End of stack trace from previous location ---
[xUnit.net 00:00:11.28]       Assert.True() Failure
[xUnit.net 00:00:11.28]       Expected: True
[xUnit.net 00:00:11.28]       Actual:   False
[xUnit.net 00:00:11.28]       Stack Trace:
[xUnit.net 00:00:11.28]         /home/kyle/GitHub/VibeSwarm/src/VibeSwarm.Tests/VersionControlServiceBranchDeliveryTests.cs(132,0): at VibeSwarm.Tests.VersionControlServiceBranchDeliveryTests.MergeBranchAsync_FallsBackToLocalTargetWhenRemoteBranchDoesNotExist()
[xUnit.net 00:00:11.28]         --- End of stack trace from previous location ---
[xUnit.net 00:00:11.29]       Assert.True() Failure
[xUnit.net 00:00:11.29]       Expected: True
[xUnit.net 00:00:11.29]       Actual:   False
[xUnit.net 00:00:11.29]       Stack Trace:
[xUnit.net 00:00:11.29]         /home/kyle/GitHub/VibeSwarm/src/VibeSwarm.Tests/VersionControlServiceBranchDeliveryTests.cs(103,0): at VibeSwarm.Tests.VersionControlServiceBranchDeliveryTests.MergeBranchAsync_MergesIntoTargetWithoutPushWhenDisabled()
[xUnit.net 00:00:11.29]         --- End of stack trace from previous location ---
[xUnit.net 00:00:11.31]       Assert.True() Failure
[xUnit.net 00:00:11.31]       Expected: True
[xUnit.net 00:00:11.31]       Actual:   False
[xUnit.net 00:00:11.31]       Stack Trace:
[xUnit.net 00:00:11.31]         /home/kyle/GitHub/VibeSwarm/src/VibeSwarm.Tests/VersionControlServiceBranchDeliveryTests.cs(52,0): at VibeSwarm.Tests.VersionControlServiceBranchDeliveryTests.PreviewMergeBranchAsync_ReturnsSuccessWithoutMutatingRepository()
[xUnit.net 00:00:11.31]         --- End of stack trace from previous location ---
[xUnit.net 00:00:11.62]       Assert.Contains() Failure: Sub-string not found
[xUnit.net 00:00:11.62]       String:    "&lt;div class="d-flex flex-row justify-conte"···
[xUnit.net 00:00:11.62]       Not found: "row g-2 g-lg-4"
[xUnit.net 00:00:11.62]       Stack Trace:
[xUnit.net 00:00:11.62]         /home/kyle/GitHub/VibeSwarm/src/VibeSwarm.Tests/DashboardPageTests.cs(56,0): at VibeSwarm.Tests.DashboardPageTests.Dashboard_HidesDisabledProviders_AndShowsProjectSortOptions()
[xUnit.net 00:00:11.62]         --- End of stack trace from previous location ---
[xUnit.net 00:00:14.80]   Finished:    VibeSwarm.Tests
</StdOut>
    </Output>
    <RunInfos>
      <RunInfo computerName="raspberrypi5" outcome="Error" timestamp="2026-03-25T22:48:09.6100610-04:00">
        <Text>[xUnit.net 00:00:11.27]     VibeSwarm.Tests.VersionControlServiceBranchDeliveryTests.PreviewMergeBranchAsync_ReturnsConflictAndStillCleansUpTemporaryWorktree [FAIL]</Text>
      </RunInfo>
      <RunInfo computerName="raspberrypi5" outcome="Error" timestamp="2026-03-25T22:48:09.6274710-04:00">
        <Text>[xUnit.net 00:00:11.28]     VibeSwarm.Tests.VersionControlServiceBranchDeliveryTests.MergeBranchAsync_FallsBackToLocalTargetWhenRemoteBranchDoesNotExist [FAIL]</Text>
      </RunInfo>
      <RunInfo computerName="raspberrypi5" outcome="Error" timestamp="2026-03-25T22:48:09.6275929-04:00">
        <Text>[xUnit.net 00:00:11.29]     VibeSwarm.Tests.VersionControlServiceBranchDeliveryTests.MergeBranchAsync_MergesIntoTargetWithoutPushWhenDisabled [FAIL]</Text>
      </RunInfo>
      <RunInfo computerName="raspberrypi5" outcome="Error" timestamp="2026-03-25T22:48:09.6466179-04:00">
        <Text>[xUnit.net 00:00:11.31]     VibeSwarm.Tests.VersionControlServiceBranchDeliveryTests.PreviewMergeBranchAsync_ReturnsSuccessWithoutMutatingRepository [FAIL]</Text>
      </RunInfo>
      <RunInfo computerName="raspberrypi5" outcome="Error" timestamp="2026-03-25T22:48:09.9544313-04:00">
        <Text>[xUnit.net 00:00:11.62]     VibeSwarm.Tests.DashboardPageTests.Dashboard_HidesDisabledProviders_AndShowsProjectSortOptions [FAIL]</Text>
      </RunInfo>
    </RunInfos>
  </ResultSummary>
</TestRun>